2023-11-28T15:58:02.945Z info: Received a GET request for /api/favoritos/90
2023-11-28T15:58:02.963Z info: Received a GET request for /api/usuarios/90
2023-11-28T15:58:02.970Z info: Received a GET request for /api/favoritos/90
2023-11-28T15:58:02.973Z info: Received a GET request for /api/carrito/90
2023-11-28T15:58:02.978Z info: Received a GET request for /api/reviews
2023-11-28T15:58:02.989Z info: Received a GET request for /api/favoritos/90
2023-11-28T15:58:04.556Z info: Received a GET request for /api/usuarios/90
2023-11-28T15:58:04.565Z info: Received a GET request for /api/favoritos/90
2023-11-28T15:58:04.568Z info: Received a GET request for /api/carrito/90
2023-11-28T15:58:04.574Z info: Operacion realizada con exito
2023-11-28T15:58:04.582Z info: Received a GET request for /api/reviews
2023-11-28T15:58:04.766Z info: Operacion realizada con exito
2023-11-28T15:58:12.807Z info: Received a GET request for /api/favoritos/90
2023-11-28T15:58:12.811Z info: Received a GET request for /api/usuarios/90
2023-11-28T15:58:12.818Z info: Received a GET request for /api/favoritos/90
2023-11-28T15:58:12.826Z info: Received a GET request for /api/carrito/90
2023-11-28T15:58:12.831Z info: Received a GET request for /api/carrito/90
2023-11-28T15:58:12.833Z info: Received a GET request for /api/favoritos/90
2023-11-28T15:58:12.843Z info: Received a GET request for /api/usuarios/90
2023-11-28T15:58:12.845Z info: Received a GET request for /api/favoritos/90
2023-11-28T15:58:12.847Z info: Received a GET request for /api/carrito/90
2023-11-28T15:58:12.996Z info: Received a GET request for /api/carrito/90
2023-11-28T15:58:13.019Z info: Operacion realizada con exito
2023-11-28T15:58:13.023Z info: Operacion realizada con exito
2023-11-28T15:58:13.207Z info: Operacion realizada con exito
2023-11-28T15:58:13.211Z info: Operacion realizada con exito
2023-11-28T15:58:16.683Z info: Received a GET request for /api/favoritos/90
2023-11-28T15:58:16.687Z info: Received a GET request for /api/usuarios/90
2023-11-28T15:58:16.696Z info: Received a GET request for /api/favoritos/90
2023-11-28T15:58:16.700Z info: Received a GET request for /api/carrito/90
2023-11-28T15:58:16.703Z info: Received a GET request for /api/favoritos/90
2023-11-28T15:58:16.706Z info: Received a GET request for /api/categorias
2023-11-28T15:58:16.710Z info: Received a GET request for /api/filtros/search?nombre=&categoriaId=&precioMin=&precioMax=&page=1
2023-11-28T15:58:16.717Z info: Received a GET request for /api/favoritos/90
2023-11-28T15:58:16.718Z info: Received a GET request for /api/usuarios/90
2023-11-28T15:58:16.875Z info: Received a GET request for /api/favoritos/90
2023-11-28T15:58:16.884Z info: Received a GET request for /api/filtros/search?nombre=&categoriaId=&precioMin=&precioMax=&page=1
2023-11-28T15:58:16.897Z info: Received a GET request for /api/carrito/90
2023-11-28T15:58:16.901Z info: Received a GET request for /api/categorias
2023-11-28T15:58:16.903Z info: Operacion realizada con exito
2023-11-28T15:58:16.907Z info: Received a GET request for /api/favoritos/90
2023-11-28T15:58:17.059Z info: Operacion realizada con exito
2023-11-28T15:58:17.255Z info: Operacion realizada con exito
2023-11-28T15:58:17.259Z info: Operacion realizada con exito
2023-11-28T15:58:18.694Z info: Received a GET request for /api/favoritos/90
2023-11-28T15:58:18.696Z info: Received a GET request for /api/usuarios/90
2023-11-28T15:58:18.700Z info: Received a GET request for /api/favoritos/90
2023-11-28T15:58:18.709Z info: Received a GET request for /api/productReviews
2023-11-28T15:58:18.710Z info: Received a GET request for /api/carrito/90
2023-11-28T15:58:18.713Z info: Received a GET request for /api/productos/89
2023-11-28T15:58:18.716Z info: Received a GET request for /api/productReviews/89
2023-11-28T15:58:18.718Z info: Received a GET request for /api/favoritos/90
2023-11-28T15:58:18.720Z info: Received a GET request for /api/usuarios/90
2023-11-28T15:58:18.729Z info: Received a GET request for /api/favoritos/90
2023-11-28T15:58:18.884Z info: Received a GET request for /api/carrito/90
2023-11-28T15:58:18.901Z info: Received a GET request for /api/productReviews/89
2023-11-28T15:58:18.903Z info: Received a GET request for /api/productReviews
2023-11-28T15:58:18.906Z info: Operacion realizada con exito
2023-11-28T15:58:18.910Z info: Received a GET request for /api/productos/89
2023-11-28T15:58:18.920Z info: Operacion realizada con exito
2023-11-28T15:58:19.107Z info: Operacion realizada con exito
2023-11-28T15:58:19.274Z info: Operacion realizada con exito
2023-11-28T15:58:21.194Z info: Received a GET request for /api/favoritos/90
2023-11-28T15:58:21.203Z info: Received a GET request for /api/usuarios/90
2023-11-28T15:58:21.206Z info: Received a GET request for /api/favoritos/90
2023-11-28T15:58:21.210Z info: Received a GET request for /api/carrito/90
2023-11-28T15:58:21.217Z info: Received a GET request for /api/carrito/90
2023-11-28T15:58:21.220Z info: Received a GET request for /api/favoritos/90
2023-11-28T15:58:21.222Z info: Received a GET request for /api/usuarios/90
2023-11-28T15:58:21.224Z info: Received a GET request for /api/favoritos/90
2023-11-28T15:58:21.226Z info: Received a GET request for /api/carrito/90
2023-11-28T15:58:21.401Z info: Received a GET request for /api/carrito/90
2023-11-28T15:58:21.406Z info: Operacion realizada con exito
2023-11-28T15:58:21.411Z info: Operacion realizada con exito
2023-11-28T15:58:21.672Z info: Operacion realizada con exito
2023-11-28T15:58:21.676Z info: Operacion realizada con exito
2023-11-28T15:58:22.753Z info: Received a POST request for /api/pago/create-order
2023-11-28T15:58:35.824Z info: Received a GET request for /api/pago/capture-order?carrito=32&token=0S018571K1303435B&PayerID=RYX4E5X25RUGY
2023-11-28T15:58:42.763Z info: Received a GET request for /api/favoritos/90
2023-11-28T15:58:42.765Z info: Received a GET request for /api/usuarios/90
2023-11-28T15:58:42.769Z info: Received a GET request for /api/favoritos/90
2023-11-28T15:58:42.772Z info: Received a GET request for /api/carrito/90
2023-11-28T15:58:42.776Z info: Received a GET request for /api/reviews
2023-11-28T15:58:42.794Z info: Received a GET request for /api/favoritos/90
2023-11-28T15:58:42.954Z info: Received a GET request for /api/usuarios/90
2023-11-28T15:58:43.140Z info: Received a GET request for /api/favoritos/90
2023-11-28T15:58:43.142Z info: Received a GET request for /api/carrito/90
2023-11-28T15:58:43.171Z info: Operacion realizada con exito
2023-11-28T15:58:43.176Z info: Received a GET request for /api/reviews
2023-11-28T15:58:43.468Z info: Operacion realizada con exito
2023-11-28T15:58:44.400Z info: Received a GET request for /api/favoritos/90
2023-11-28T15:58:44.403Z info: Received a GET request for /api/usuarios/90
2023-11-28T15:58:44.406Z info: Received a GET request for /api/favoritos/90
2023-11-28T15:58:44.413Z info: Received a GET request for /api/carrito/90
2023-11-28T15:58:44.418Z info: Received a GET request for /api/favoritos/90
2023-11-28T15:58:44.420Z info: Received a GET request for /api/categorias
2023-11-28T15:58:44.427Z info: Received a GET request for /api/filtros/search?nombre=&categoriaId=&precioMin=&precioMax=&page=1
2023-11-28T15:58:44.431Z info: Received a GET request for /api/favoritos/90
2023-11-28T15:58:44.432Z info: Received a GET request for /api/usuarios/90
2023-11-28T15:58:44.596Z info: Received a GET request for /api/favoritos/90
2023-11-28T15:58:44.609Z info: Received a GET request for /api/filtros/search?nombre=&categoriaId=&precioMin=&precioMax=&page=1
2023-11-28T15:58:44.612Z info: Received a GET request for /api/carrito/90
2023-11-28T15:58:44.618Z info: Operacion realizada con exito
2023-11-28T15:58:44.626Z info: Received a GET request for /api/categorias
2023-11-28T15:58:44.629Z info: Received a GET request for /api/favoritos/90
2023-11-28T15:58:44.777Z info: Operacion realizada con exito
2023-11-28T15:58:44.972Z info: Operacion realizada con exito
2023-11-28T15:58:44.984Z info: Operacion realizada con exito
2023-11-28T15:58:48.470Z info: Received a GET request for /api/categorias
2023-11-28T15:58:48.471Z info: Received a GET request for /api/filtros/search?nombre=&categoriaId=&precioMin=&precioMax=&page=5
2023-11-28T15:58:48.655Z info: Operacion realizada con exito
2023-11-28T15:58:51.320Z info: Received a GET request for /api/filtros/search?nombre=&categoriaId=&precioMin=&precioMax=&page=4
2023-11-28T15:58:51.327Z info: Received a GET request for /api/categorias
2023-11-28T15:58:51.513Z info: Operacion realizada con exito
2023-11-28T15:58:54.255Z info: Received a GET request for /api/categorias
2023-11-28T15:58:54.257Z info: Received a GET request for /api/filtros/search?nombre=remera&categoriaId=&precioMin=&precioMax=&page=4
2023-11-28T15:58:54.281Z info: Received a GET request for /api/categorias
2023-11-28T15:58:54.284Z info: Received a GET request for /api/filtros/search?nombre=remera&categoriaId=&precioMin=&precioMax=&page=1
2023-11-28T15:58:54.442Z info: Operacion realizada con exito
2023-11-28T15:58:54.468Z info: Operacion realizada con exito
2023-11-28T15:58:56.490Z info: Received a GET request for /api/favoritos/90
2023-11-28T15:58:56.499Z info: Received a GET request for /api/usuarios/90
2023-11-28T15:58:56.503Z info: Received a GET request for /api/favoritos/90
2023-11-28T15:58:56.511Z info: Received a GET request for /api/carrito/90
2023-11-28T15:58:56.520Z info: Received a GET request for /api/productReviews
2023-11-28T15:58:56.521Z info: Received a GET request for /api/favoritos/90
2023-11-28T15:58:56.523Z info: Received a GET request for /api/productos/89
2023-11-28T15:58:56.525Z info: Received a GET request for /api/usuarios/90
2023-11-28T15:58:56.531Z info: Received a GET request for /api/favoritos/90
2023-11-28T15:58:56.536Z info: Received a GET request for /api/productReviews/89
2023-11-28T15:58:56.693Z info: Received a GET request for /api/productReviews/89
2023-11-28T15:58:56.703Z info: Received a GET request for /api/carrito/90
2023-11-28T15:58:56.712Z info: Received a GET request for /api/productos/89
2023-11-28T15:58:56.718Z info: Operacion realizada con exito
2023-11-28T15:58:56.726Z info: Received a GET request for /api/productReviews
2023-11-28T15:58:56.874Z info: Operacion realizada con exito
2023-11-28T15:58:57.077Z info: Operacion realizada con exito
2023-11-28T15:58:57.091Z info: Operacion realizada con exito
2023-11-28T15:59:10.886Z info: Received a GET request for /api/favoritos/90
2023-11-28T15:59:10.892Z info: Received a GET request for /api/usuarios/90
2023-11-28T15:59:10.895Z info: Received a GET request for /api/favoritos/90
2023-11-28T15:59:10.897Z info: Received a GET request for /api/carrito/90
2023-11-28T15:59:10.901Z info: Received a GET request for /api/reviews
2023-11-28T15:59:10.912Z info: Received a GET request for /api/favoritos/90
2023-11-28T15:59:10.915Z info: Received a GET request for /api/usuarios/90
2023-11-28T15:59:10.918Z info: Received a GET request for /api/favoritos/90
2023-11-28T15:59:10.920Z info: Received a GET request for /api/carrito/90
2023-11-28T15:59:12.439Z info: Received a GET request for /api/reviews
2023-11-28T15:59:12.469Z info: Operacion realizada con exito
2023-11-28T15:59:12.669Z info: Operacion realizada con exito
2023-11-28T15:59:45.786Z info: Received a GET request for /api/usuarios/90
2023-11-28T15:59:45.788Z info: Received a GET request for /api/favoritos/90
2023-11-28T15:59:45.791Z info: Received a GET request for /api/carrito/90
2023-11-28T15:59:45.814Z info: Received a GET request for /api/usuarios/90
2023-11-28T15:59:45.818Z info: Received a GET request for /api/favoritos/90
2023-11-28T15:59:45.820Z info: Received a GET request for /api/carrito/90
2023-11-28T15:59:47.420Z info: Operacion realizada con exito
2023-11-28T15:59:47.501Z info: Operacion realizada con exito
2023-11-28T15:59:53.783Z info: Received a GET request for /api/favoritos/90
2023-11-28T15:59:55.485Z info: Received a GET request for /api/favoritos/90
2023-11-28T16:00:07.223Z info: Received a GET request for /api/usuarios/null
2023-11-28T16:00:07.226Z info: Received a GET request for /api/usuarios/null
2023-11-28T16:00:08.772Z error: invalid input syntax for type integer: "null"
2023-11-28T16:00:08.775Z error: invalid input syntax for type integer: "null"
2023-11-28T16:00:09.488Z info: Received a GET request for /api/usuarios/null
2023-11-28T16:00:09.490Z info: Received a GET request for /api/reviews
2023-11-28T16:00:09.508Z info: Received a GET request for /api/usuarios/null
2023-11-28T16:00:09.509Z info: Received a GET request for /api/reviews
2023-11-28T16:00:09.693Z error: invalid input syntax for type integer: "null"
2023-11-28T16:00:09.888Z error: invalid input syntax for type integer: "null"
2023-11-28T16:00:16.235Z info: Received a POST request for /api/auth/login
2023-11-28T16:00:17.283Z info: Received a GET request for /api/favoritos/72
2023-11-28T16:00:17.288Z info: Received a GET request for /api/usuarios/72
2023-11-28T16:00:17.291Z info: Received a GET request for /api/favoritos/72
2023-11-28T16:00:17.295Z info: Received a GET request for /api/carrito/72
2023-11-28T16:00:17.299Z info: Received a GET request for /api/carrito/72
2023-11-28T16:00:17.302Z info: Received a GET request for /api/favoritos/72
2023-11-28T16:00:17.476Z info: Received a GET request for /api/usuarios/72
2023-11-28T16:00:17.507Z info: Received a GET request for /api/favoritos/72
2023-11-28T16:00:17.522Z info: Received a GET request for /api/carrito/72
2023-11-28T16:00:17.525Z info: Operacion realizada con exito
2023-11-28T16:00:17.528Z info: Received a GET request for /api/carrito/72
2023-11-28T16:00:17.662Z info: Operacion realizada con exito
2023-11-28T16:00:17.842Z info: Operacion realizada con exito
2023-11-28T16:00:17.869Z info: Operacion realizada con exito
2023-11-28T16:00:19.336Z info: Received a GET request for /api/auth/google
2023-11-28T16:00:23.196Z info: Received a GET request for /api/auth/callback?code=4%2F0AfJohXnlfOYmZFT6n29tRTPK0QUIg-P-K9c30RhqXrsw1zIP41yFsh_mJ2Z88pdLSfftHQ&scope=email+profile+https%3A%2F%2Fwww.googleapis.com%2Fauth%2Fuserinfo.email+https%3A%2F%2Fwww.googleapis.com%2Fauth%2Fuserinfo.profile+openid&authuser=0&prompt=consent
2023-11-28T16:00:28.619Z info: Received a GET request for /api/favoritos/72
2023-11-28T16:00:28.622Z info: Received a GET request for /api/usuarios/72
2023-11-28T16:00:28.628Z info: Received a GET request for /api/favoritos/90
2023-11-28T16:00:28.633Z info: Received a GET request for /api/carrito/90
2023-11-28T16:00:28.636Z info: Received a GET request for /api/carrito/72
2023-11-28T16:00:28.639Z info: Received a GET request for /api/favoritos/90
2023-11-28T16:00:29.365Z info: Received a GET request for /api/usuarios/90
2023-11-28T16:00:29.558Z info: Received a GET request for /api/favoritos/90
2023-11-28T16:00:29.736Z info: Received a GET request for /api/carrito/90
2023-11-28T16:00:29.916Z info: Operacion realizada con exito
2023-11-28T16:00:29.919Z info: Received a GET request for /api/carrito/72
2023-11-28T16:00:30.063Z info: Received a GET request for /api/favoritos/90
2023-11-28T16:00:30.068Z info: Received a GET request for /api/usuarios/90
2023-11-28T16:00:30.072Z info: Received a GET request for /api/favoritos/90
2023-11-28T16:00:30.099Z info: Received a GET request for /api/carrito/90
2023-11-28T16:00:30.156Z info: Received a GET request for /api/reviews
2023-11-28T16:00:30.293Z info: Operacion realizada con exito
2023-11-28T16:00:30.296Z info: Received a GET request for /api/reviews
2023-11-28T16:00:30.476Z info: Received a GET request for /api/carrito/90
2023-11-28T16:00:30.533Z info: Operacion realizada con exito
2023-11-28T16:00:30.539Z info: Received a GET request for /api/favoritos/90
2023-11-28T16:00:30.542Z info: Received a GET request for /api/favoritos/90
2023-11-28T16:00:30.554Z info: Received a GET request for /api/usuarios/90
2023-11-28T16:00:30.563Z info: Operacion realizada con exito
2023-11-28T16:00:30.713Z info: Operacion realizada con exito
2023-11-28T16:00:30.749Z info: Operacion realizada con exito
2023-11-28T16:01:05.725Z info: Received a GET request for /api/usuarios/null
2023-11-28T16:01:05.729Z info: Received a GET request for /api/reviews
2023-11-28T16:01:07.342Z error: invalid input syntax for type integer: "null"
2023-11-28T16:01:07.350Z info: Received a GET request for /api/usuarios/null
2023-11-28T16:01:07.354Z info: Received a GET request for /api/reviews
2023-11-28T16:01:07.551Z error: invalid input syntax for type integer: "null"
2023-11-28T16:01:10.912Z info: Received a GET request for /api/auth/google
2023-11-28T16:01:14.366Z info: Received a GET request for /api/auth/callback?code=4%2F0AfJohXkxoGXWnlUevgPHfowW_BXjoO0j8-2BWix3bO8X98ZAtS4krXHStv1WVxYhqputIg&scope=email+profile+https%3A%2F%2Fwww.googleapis.com%2Fauth%2Fuserinfo.email+https%3A%2F%2Fwww.googleapis.com%2Fauth%2Fuserinfo.profile+openid&authuser=0&prompt=consent
2023-11-28T16:01:31.079Z info: Received a GET request for /api/favoritos/90
2023-11-28T16:01:31.087Z info: Received a GET request for /api/favoritos/90
2023-11-28T16:01:31.091Z info: Received a GET request for /api/usuarios/90
2023-11-28T16:01:31.096Z info: Received a GET request for /api/carrito/90
2023-11-28T16:01:31.101Z info: Received a GET request for /api/favoritos/90
2023-11-28T16:01:31.107Z info: Received a GET request for /api/categorias
2023-11-28T16:01:31.108Z info: Received a GET request for /api/favoritos/90
2023-11-28T16:01:31.111Z info: Received a GET request for /api/filtros/search?nombre=&categoriaId=&precioMin=&precioMax=&page=1
2023-11-28T16:01:31.114Z info: Received a GET request for /api/usuarios/90
2023-11-28T16:01:32.644Z info: Received a GET request for /api/favoritos/90
2023-11-28T16:01:32.833Z info: Operacion realizada con exito
2023-11-28T16:01:32.843Z info: Operacion realizada con exito
2023-11-28T16:01:32.849Z info: Received a GET request for /api/filtros/search?nombre=&categoriaId=&precioMin=&precioMax=&page=1
2023-11-28T16:01:32.860Z info: Received a GET request for /api/carrito/90
2023-11-28T16:01:32.863Z info: Received a GET request for /api/categorias
2023-11-28T16:01:32.864Z info: Received a GET request for /api/favoritos/90
2023-11-28T16:01:33.199Z info: Operacion realizada con exito
2023-11-28T16:01:33.208Z info: Operacion realizada con exito
2023-11-28T16:01:36.748Z info: Received a POST request for /api/carrito/addItem
2023-11-28T16:01:38.744Z info: Operación realizada con éxito
2023-11-28T16:01:38.797Z info: Received a GET request for /api/usuarios/90
2023-11-28T16:01:38.803Z info: Received a GET request for /api/favoritos/90
2023-11-28T16:01:38.807Z info: Received a GET request for /api/carrito/90
2023-11-28T16:01:39.006Z info: Operacion realizada con exito
2023-11-28T16:01:41.015Z info: Received a GET request for /api/favoritos/90
2023-11-28T16:01:41.018Z info: Received a GET request for /api/usuarios/90
2023-11-28T16:01:41.020Z info: Received a GET request for /api/favoritos/90
2023-11-28T16:01:41.022Z info: Received a GET request for /api/carrito/90
2023-11-28T16:01:41.031Z info: Received a GET request for /api/carrito/90
2023-11-28T16:01:41.033Z info: Received a GET request for /api/favoritos/90
2023-11-28T16:01:41.035Z info: Received a GET request for /api/usuarios/90
2023-11-28T16:01:41.037Z info: Received a GET request for /api/favoritos/90
2023-11-28T16:01:41.038Z info: Received a GET request for /api/carrito/90
2023-11-28T16:01:41.211Z info: Operacion realizada con exito
2023-11-28T16:01:41.221Z info: Received a GET request for /api/carrito/90
2023-11-28T16:01:41.226Z info: Operacion realizada con exito
2023-11-28T16:01:41.411Z info: Operacion realizada con exito
2023-11-28T16:01:41.413Z info: Operacion realizada con exito
2023-11-28T16:01:43.470Z info: Received a POST request for /api/pago/create-order
2023-11-28T16:01:55.951Z info: Received a GET request for /api/pago/capture-order?carrito=32&token=28T60559SK4026045&PayerID=RYX4E5X25RUGY
2023-11-28T16:02:02.092Z info: Received a GET request for /api/favoritos/90
2023-11-28T16:02:02.096Z info: Received a GET request for /api/usuarios/90
2023-11-28T16:02:02.098Z info: Received a GET request for /api/favoritos/90
2023-11-28T16:02:02.102Z info: Received a GET request for /api/carrito/90
2023-11-28T16:02:02.105Z info: Received a GET request for /api/reviews
2023-11-28T16:02:02.115Z info: Received a GET request for /api/favoritos/90
2023-11-28T16:02:02.295Z info: Received a GET request for /api/usuarios/90
2023-11-28T16:02:02.298Z info: Received a GET request for /api/favoritos/90
2023-11-28T16:02:02.303Z info: Received a GET request for /api/carrito/90
2023-11-28T16:02:02.478Z info: Received a GET request for /api/reviews
2023-11-28T16:02:02.481Z info: Operacion realizada con exito
2023-11-28T16:02:02.673Z info: Operacion realizada con exito
2023-11-28T16:06:12.862Z info: Received a GET request for /api/favoritos/90
2023-11-28T16:06:12.905Z info: Received a GET request for /api/usuarios/90
2023-11-28T16:06:12.915Z info: Received a GET request for /api/favoritos/90
2023-11-28T16:06:12.918Z info: Received a GET request for /api/carrito/90
2023-11-28T16:06:12.920Z info: Received a GET request for /api/reviews
2023-11-28T16:06:12.949Z info: Received a GET request for /api/favoritos/90
2023-11-28T16:06:12.955Z info: Received a GET request for /api/usuarios/90
2023-11-28T16:06:12.957Z info: Received a GET request for /api/favoritos/90
2023-11-28T16:06:12.960Z info: Received a GET request for /api/carrito/90
2023-11-28T16:06:14.549Z info: Received a GET request for /api/reviews
2023-11-28T16:06:14.635Z info: Operacion realizada con exito
2023-11-28T16:06:14.910Z info: Operacion realizada con exito
2023-11-28T17:52:59.736Z info: Received a GET request for /api/favoritos/90
2023-11-28T17:52:59.747Z info: Received a GET request for /api/usuarios/90
2023-11-28T17:52:59.754Z info: Received a GET request for /api/favoritos/90
2023-11-28T17:52:59.763Z info: Received a GET request for /api/carrito/90
2023-11-28T17:52:59.765Z info: Received a GET request for /api/favoritos/90
2023-11-28T17:52:59.767Z info: Received a GET request for /api/categorias
2023-11-28T17:52:59.770Z info: Received a GET request for /api/filtros/search?nombre=&categoriaId=&precioMin=&precioMax=&page=1
2023-11-28T17:52:59.775Z info: Received a GET request for /api/favoritos/90
2023-11-28T17:52:59.777Z info: Received a GET request for /api/usuarios/90
2023-11-28T17:53:01.599Z info: Received a GET request for /api/favoritos/90
2023-11-28T17:53:01.778Z info: Operacion realizada con exito
2023-11-28T17:53:01.787Z info: Received a GET request for /api/filtros/search?nombre=&categoriaId=&precioMin=&precioMax=&page=1
2023-11-28T17:53:02.079Z info: Received a GET request for /api/carrito/90
2023-11-28T17:53:02.082Z info: Received a GET request for /api/categorias
2023-11-28T17:53:02.083Z info: Received a GET request for /api/favoritos/90
2023-11-28T17:53:02.085Z info: Operacion realizada con exito
2023-11-28T17:53:02.347Z info: Operacion realizada con exito
2023-11-28T17:53:02.441Z info: Operacion realizada con exito
2023-11-28T17:53:04.600Z info: Received a GET request for /api/favoritos/90
2023-11-28T17:53:04.608Z info: Received a GET request for /api/favoritos/90
2023-11-28T17:53:04.612Z info: Received a GET request for /api/usuarios/90
2023-11-28T17:53:04.624Z info: Received a GET request for /api/carrito/90
2023-11-28T17:53:04.627Z info: Received a GET request for /api/productos/57
2023-11-28T17:53:04.631Z info: Received a GET request for /api/productReviews/57
2023-11-28T17:53:04.632Z info: Received a GET request for /api/productReviews
2023-11-28T17:53:04.635Z info: Received a GET request for /api/favoritos/90
2023-11-28T17:53:04.637Z info: Received a GET request for /api/usuarios/90
2023-11-28T17:53:04.643Z info: Received a GET request for /api/favoritos/90
2023-11-28T17:53:04.813Z info: Received a GET request for /api/productReviews/57
2023-11-28T17:53:04.815Z info: Received a GET request for /api/carrito/90
2023-11-28T17:53:04.818Z info: Received a GET request for /api/productos/57
2023-11-28T17:53:04.826Z info: Operacion realizada con exito
2023-11-28T17:53:04.829Z info: Operacion realizada con exito
2023-11-28T17:53:04.840Z info: Received a GET request for /api/productReviews
2023-11-28T17:53:05.175Z info: Operacion realizada con exito
2023-11-28T17:53:05.181Z info: Operacion realizada con exito
2023-11-28T17:53:06.464Z info: Received a GET request for /api/favoritos/90
2023-11-28T17:53:06.468Z info: Received a GET request for /api/usuarios/90
2023-11-28T17:53:06.471Z info: Received a GET request for /api/favoritos/90
2023-11-28T17:53:06.477Z info: Received a GET request for /api/carrito/90
2023-11-28T17:53:06.479Z info: Received a GET request for /api/favoritos/90
2023-11-28T17:53:06.481Z info: Received a GET request for /api/categorias
2023-11-28T17:53:06.483Z info: Received a GET request for /api/filtros/search?nombre=&categoriaId=&precioMin=&precioMax=&page=1
2023-11-28T17:53:06.488Z info: Received a GET request for /api/favoritos/90
2023-11-28T17:53:06.490Z info: Received a GET request for /api/usuarios/90
2023-11-28T17:53:06.669Z info: Operacion realizada con exito
2023-11-28T17:53:06.678Z info: Received a GET request for /api/favoritos/90
2023-11-28T17:53:06.683Z info: Received a GET request for /api/filtros/search?nombre=&categoriaId=&precioMin=&precioMax=&page=1
2023-11-28T17:53:06.685Z info: Received a GET request for /api/carrito/90
2023-11-28T17:53:06.690Z info: Received a GET request for /api/categorias
2023-11-28T17:53:06.693Z info: Received a GET request for /api/favoritos/90
2023-11-28T17:53:06.847Z info: Operacion realizada con exito
2023-11-28T17:53:07.048Z info: Operacion realizada con exito
2023-11-28T17:53:07.050Z info: Operacion realizada con exito
2023-11-28T17:53:07.904Z info: Received a GET request for /api/favoritos/90
2023-11-28T17:53:07.908Z info: Received a GET request for /api/usuarios/90
2023-11-28T17:53:07.915Z info: Received a GET request for /api/favoritos/90
2023-11-28T17:53:07.917Z info: Received a GET request for /api/carrito/90
2023-11-28T17:53:07.919Z info: Received a GET request for /api/productos/34
2023-11-28T17:53:07.922Z info: Received a GET request for /api/productReviews/34
2023-11-28T17:53:07.925Z info: Received a GET request for /api/productReviews
2023-11-28T17:53:07.926Z info: Received a GET request for /api/favoritos/90
2023-11-28T17:53:07.928Z info: Received a GET request for /api/usuarios/90
2023-11-28T17:53:07.932Z info: Received a GET request for /api/favoritos/90
2023-11-28T17:53:08.100Z info: Received a GET request for /api/carrito/90
2023-11-28T17:53:08.102Z info: Received a GET request for /api/productReviews/34
2023-11-28T17:53:08.108Z info: Received a GET request for /api/productReviews
2023-11-28T17:53:08.115Z info: Received a GET request for /api/productos/34
2023-11-28T17:53:08.118Z info: Operacion realizada con exito
2023-11-28T17:53:08.120Z info: Operacion realizada con exito
2023-11-28T17:53:08.310Z info: Operacion realizada con exito
2023-11-28T17:53:08.469Z info: Operacion realizada con exito
2023-11-28T17:53:09.430Z info: Received a GET request for /api/favoritos/90
2023-11-28T17:53:09.435Z info: Received a GET request for /api/usuarios/90
2023-11-28T17:53:09.440Z info: Received a GET request for /api/favoritos/90
2023-11-28T17:53:09.447Z info: Received a GET request for /api/carrito/90
2023-11-28T17:53:09.450Z info: Received a GET request for /api/favoritos/90
2023-11-28T17:53:09.451Z info: Received a GET request for /api/categorias
2023-11-28T17:53:09.452Z info: Received a GET request for /api/filtros/search?nombre=&categoriaId=&precioMin=&precioMax=&page=1
2023-11-28T17:53:09.455Z info: Received a GET request for /api/favoritos/90
2023-11-28T17:53:09.458Z info: Received a GET request for /api/usuarios/90
2023-11-28T17:53:09.622Z info: Received a GET request for /api/favoritos/90
2023-11-28T17:53:09.628Z info: Received a GET request for /api/filtros/search?nombre=&categoriaId=&precioMin=&precioMax=&page=1
2023-11-28T17:53:09.638Z info: Operacion realizada con exito
2023-11-28T17:53:09.640Z info: Received a GET request for /api/carrito/90
2023-11-28T17:53:09.643Z info: Received a GET request for /api/categorias
2023-11-28T17:53:09.648Z info: Received a GET request for /api/favoritos/90
2023-11-28T17:53:09.804Z info: Operacion realizada con exito
2023-11-28T17:53:09.997Z info: Operacion realizada con exito
2023-11-28T17:53:10.006Z info: Operacion realizada con exito
2023-11-28T17:53:10.717Z info: Received a GET request for /api/favoritos/90
2023-11-28T17:53:10.728Z info: Received a GET request for /api/usuarios/90
2023-11-28T17:53:10.734Z info: Received a GET request for /api/favoritos/90
2023-11-28T17:53:10.738Z info: Received a GET request for /api/carrito/90
2023-11-28T17:53:10.741Z info: Received a GET request for /api/productReviews
2023-11-28T17:53:10.741Z info: Received a GET request for /api/productos/71
2023-11-28T17:53:10.744Z info: Received a GET request for /api/productReviews/71
2023-11-28T17:53:10.745Z info: Received a GET request for /api/favoritos/90
2023-11-28T17:53:10.747Z info: Received a GET request for /api/usuarios/90
2023-11-28T17:53:10.750Z info: Received a GET request for /api/favoritos/90
2023-11-28T17:53:10.908Z info: Received a GET request for /api/productReviews/71
2023-11-28T17:53:10.919Z info: Received a GET request for /api/carrito/90
2023-11-28T17:53:10.926Z info: Operacion realizada con exito
2023-11-28T17:53:10.933Z info: Operacion realizada con exito
2023-11-28T17:53:10.934Z info: Received a GET request for /api/productos/71
2023-11-28T17:53:10.941Z info: Received a GET request for /api/productReviews
2023-11-28T17:53:11.275Z info: Operacion realizada con exito
2023-11-28T17:53:11.289Z info: Operacion realizada con exito
2023-11-28T17:53:12.349Z info: Received a GET request for /api/favoritos/90
2023-11-28T17:53:12.354Z info: Received a GET request for /api/usuarios/90
2023-11-28T17:53:12.358Z info: Received a GET request for /api/favoritos/90
2023-11-28T17:53:12.363Z info: Received a GET request for /api/carrito/90
2023-11-28T17:53:12.365Z info: Received a GET request for /api/favoritos/90
2023-11-28T17:53:12.366Z info: Received a GET request for /api/categorias
2023-11-28T17:53:12.367Z info: Received a GET request for /api/favoritos/90
2023-11-28T17:53:12.368Z info: Received a GET request for /api/filtros/search?nombre=&categoriaId=&precioMin=&precioMax=&page=1
2023-11-28T17:53:12.370Z info: Received a GET request for /api/usuarios/90
2023-11-28T17:53:12.546Z info: Received a GET request for /api/favoritos/90
2023-11-28T17:53:12.551Z info: Received a GET request for /api/filtros/search?nombre=&categoriaId=&precioMin=&precioMax=&page=1
2023-11-28T17:53:12.564Z info: Operacion realizada con exito
2023-11-28T17:53:12.566Z info: Received a GET request for /api/carrito/90
2023-11-28T17:53:12.568Z info: Received a GET request for /api/categorias
2023-11-28T17:53:12.570Z info: Received a GET request for /api/favoritos/90
2023-11-28T17:53:12.724Z info: Operacion realizada con exito
2023-11-28T17:53:12.910Z info: Operacion realizada con exito
2023-11-28T17:53:12.926Z info: Operacion realizada con exito
2023-11-28T17:53:14.176Z info: Received a GET request for /api/favoritos/90
2023-11-28T17:53:14.187Z info: Received a GET request for /api/usuarios/90
2023-11-28T17:53:14.193Z info: Received a GET request for /api/favoritos/90
2023-11-28T17:53:14.197Z info: Received a GET request for /api/carrito/90
2023-11-28T17:53:14.201Z info: Received a GET request for /api/productos/68
2023-11-28T17:53:14.208Z info: Received a GET request for /api/productReviews/68
2023-11-28T17:53:14.210Z info: Received a GET request for /api/productReviews
2023-11-28T17:53:14.210Z info: Received a GET request for /api/favoritos/90
2023-11-28T17:53:14.212Z info: Received a GET request for /api/usuarios/90
2023-11-28T17:53:14.235Z info: Received a GET request for /api/favoritos/90
2023-11-28T17:53:14.367Z info: Received a GET request for /api/productReviews/68
2023-11-28T17:53:14.386Z info: Received a GET request for /api/carrito/90
2023-11-28T17:53:14.388Z info: Received a GET request for /api/productos/68
2023-11-28T17:53:14.401Z info: Operacion realizada con exito
2023-11-28T17:53:14.403Z info: Operacion realizada con exito
2023-11-28T17:53:14.406Z info: Received a GET request for /api/productReviews
2023-11-28T17:53:14.738Z info: Operacion realizada con exito
2023-11-28T17:53:14.753Z info: Operacion realizada con exito
2023-11-28T17:53:16.904Z info: Received a GET request for /api/favoritos/90
2023-11-28T17:53:16.910Z info: Received a GET request for /api/usuarios/90
2023-11-28T17:53:16.917Z info: Received a GET request for /api/favoritos/90
2023-11-28T17:53:16.918Z info: Received a GET request for /api/carrito/90
2023-11-28T17:53:16.920Z info: Received a GET request for /api/favoritos/90
2023-11-28T17:53:16.926Z info: Received a GET request for /api/categorias
2023-11-28T17:53:16.928Z info: Received a GET request for /api/favoritos/90
2023-11-28T17:53:16.929Z info: Received a GET request for /api/filtros/search?nombre=&categoriaId=&precioMin=&precioMax=&page=1
2023-11-28T17:53:16.931Z info: Received a GET request for /api/usuarios/90
2023-11-28T17:53:17.096Z info: Received a GET request for /api/favoritos/90
2023-11-28T17:53:17.101Z info: Received a GET request for /api/filtros/search?nombre=&categoriaId=&precioMin=&precioMax=&page=1
2023-11-28T17:53:17.111Z info: Received a GET request for /api/carrito/90
2023-11-28T17:53:17.116Z info: Operacion realizada con exito
2023-11-28T17:53:17.122Z info: Received a GET request for /api/categorias
2023-11-28T17:53:17.124Z info: Received a GET request for /api/favoritos/90
2023-11-28T17:53:17.276Z info: Operacion realizada con exito
2023-11-28T17:53:17.469Z info: Operacion realizada con exito
2023-11-28T17:53:17.480Z info: Operacion realizada con exito
2023-11-28T17:53:18.287Z info: Received a GET request for /api/favoritos/90
2023-11-28T17:53:18.289Z info: Received a GET request for /api/usuarios/90
2023-11-28T17:53:18.293Z info: Received a GET request for /api/favoritos/90
2023-11-28T17:53:18.298Z info: Received a GET request for /api/productos/62
2023-11-28T17:53:18.302Z info: Received a GET request for /api/carrito/90
2023-11-28T17:53:18.304Z info: Received a GET request for /api/productReviews/62
2023-11-28T17:53:18.306Z info: Received a GET request for /api/productReviews
2023-11-28T17:53:18.306Z info: Received a GET request for /api/favoritos/90
2023-11-28T17:53:18.308Z info: Received a GET request for /api/usuarios/90
2023-11-28T17:53:18.314Z info: Received a GET request for /api/favoritos/90
2023-11-28T17:53:18.478Z info: Received a GET request for /api/productReviews/62
2023-11-28T17:53:18.489Z info: Operacion realizada con exito
2023-11-28T17:53:18.495Z info: Operacion realizada con exito
2023-11-28T17:53:18.501Z info: Received a GET request for /api/carrito/90
2023-11-28T17:53:18.503Z info: Received a GET request for /api/productos/62
2023-11-28T17:53:18.504Z info: Received a GET request for /api/productReviews
2023-11-28T17:53:18.844Z info: Operacion realizada con exito
2023-11-28T17:53:18.860Z info: Operacion realizada con exito
2023-11-28T17:53:20.166Z info: Received a GET request for /api/favoritos/90
2023-11-28T17:53:20.170Z info: Received a GET request for /api/usuarios/90
2023-11-28T17:53:20.178Z info: Received a GET request for /api/favoritos/90
2023-11-28T17:53:20.180Z info: Received a GET request for /api/carrito/90
2023-11-28T17:53:20.187Z info: Received a GET request for /api/favoritos/90
2023-11-28T17:53:20.189Z info: Received a GET request for /api/categorias
2023-11-28T17:53:20.190Z info: Received a GET request for /api/filtros/search?nombre=&categoriaId=&precioMin=&precioMax=&page=1
2023-11-28T17:53:20.192Z info: Received a GET request for /api/favoritos/90
2023-11-28T17:53:20.193Z info: Received a GET request for /api/usuarios/90
2023-11-28T17:53:20.357Z info: Received a GET request for /api/favoritos/90
2023-11-28T17:53:20.363Z info: Received a GET request for /api/filtros/search?nombre=&categoriaId=&precioMin=&precioMax=&page=1
2023-11-28T17:53:20.373Z info: Received a GET request for /api/carrito/90
2023-11-28T17:53:20.375Z info: Operacion realizada con exito
2023-11-28T17:53:20.381Z info: Received a GET request for /api/categorias
2023-11-28T17:53:20.383Z info: Received a GET request for /api/favoritos/90
2023-11-28T17:53:20.536Z info: Operacion realizada con exito
2023-11-28T17:53:20.731Z info: Operacion realizada con exito
2023-11-28T17:53:20.741Z info: Operacion realizada con exito
2023-11-28T17:53:21.479Z info: Received a GET request for /api/favoritos/90
2023-11-28T17:53:21.484Z info: Received a GET request for /api/usuarios/90
2023-11-28T17:53:21.488Z info: Received a GET request for /api/favoritos/90
2023-11-28T17:53:21.490Z info: Received a GET request for /api/carrito/90
2023-11-28T17:53:21.493Z info: Received a GET request for /api/productReviews
2023-11-28T17:53:21.499Z info: Received a GET request for /api/productos/74
2023-11-28T17:53:21.501Z info: Received a GET request for /api/productReviews/74
2023-11-28T17:53:21.503Z info: Received a GET request for /api/favoritos/90
2023-11-28T17:53:21.506Z info: Received a GET request for /api/usuarios/90
2023-11-28T17:53:21.508Z info: Received a GET request for /api/favoritos/90
2023-11-28T17:53:21.669Z info: Received a GET request for /api/carrito/90
2023-11-28T17:53:21.680Z info: Operacion realizada con exito
2023-11-28T17:53:21.684Z info: Received a GET request for /api/productReviews/74
2023-11-28T17:53:21.686Z info: Received a GET request for /api/productReviews
2023-11-28T17:53:21.687Z info: Received a GET request for /api/productos/74
2023-11-28T17:53:21.690Z info: Operacion realizada con exito
2023-11-28T17:53:21.875Z info: Operacion realizada con exito
2023-11-28T17:53:22.050Z info: Operacion realizada con exito
2023-11-28T17:53:23.726Z info: Received a GET request for /api/favoritos/90
2023-11-28T17:53:23.734Z info: Received a GET request for /api/favoritos/90
2023-11-28T17:53:23.739Z info: Received a GET request for /api/usuarios/90
2023-11-28T17:53:23.743Z info: Received a GET request for /api/carrito/90
2023-11-28T17:53:23.746Z info: Received a GET request for /api/favoritos/90
2023-11-28T17:53:23.751Z info: Received a GET request for /api/favoritos/90
2023-11-28T17:53:23.752Z info: Received a GET request for /api/usuarios/90
2023-11-28T17:53:23.754Z info: Received a GET request for /api/categorias
2023-11-28T17:53:23.755Z info: Received a GET request for /api/favoritos/90
2023-11-28T17:53:23.917Z info: Received a GET request for /api/filtros/search?nombre=&categoriaId=&precioMin=&precioMax=&page=1
2023-11-28T17:53:23.926Z info: Received a GET request for /api/filtros/search?nombre=&categoriaId=&precioMin=&precioMax=&page=1
2023-11-28T17:53:23.935Z info: Received a GET request for /api/categorias
2023-11-28T17:53:23.939Z info: Operacion realizada con exito
2023-11-28T17:53:23.945Z info: Received a GET request for /api/carrito/90
2023-11-28T17:53:23.947Z info: Received a GET request for /api/favoritos/90
2023-11-28T17:53:24.113Z info: Operacion realizada con exito
2023-11-28T17:53:24.292Z info: Operacion realizada con exito
2023-11-28T17:53:24.298Z info: Operacion realizada con exito
2023-11-28T17:53:26.061Z info: Received a GET request for /api/favoritos/90
2023-11-28T17:53:26.063Z info: Received a GET request for /api/usuarios/90
2023-11-28T17:53:26.066Z info: Received a GET request for /api/favoritos/90
2023-11-28T17:53:26.070Z info: Received a GET request for /api/carrito/90
2023-11-28T17:53:26.073Z info: Received a GET request for /api/productos/61
2023-11-28T17:53:26.077Z info: Received a GET request for /api/productReviews
2023-11-28T17:53:26.079Z info: Received a GET request for /api/productReviews/61
2023-11-28T17:53:26.083Z info: Received a GET request for /api/favoritos/90
2023-11-28T17:53:26.085Z info: Received a GET request for /api/usuarios/90
2023-11-28T17:53:26.087Z info: Received a GET request for /api/favoritos/90
2023-11-28T17:53:26.262Z info: Received a GET request for /api/productReviews/61
2023-11-28T17:53:26.268Z info: Operacion realizada con exito
2023-11-28T17:53:26.270Z info: Operacion realizada con exito
2023-11-28T17:53:26.273Z info: Received a GET request for /api/carrito/90
2023-11-28T17:53:26.280Z info: Received a GET request for /api/productos/61
2023-11-28T17:53:26.283Z info: Received a GET request for /api/productReviews
2023-11-28T17:53:26.622Z info: Operacion realizada con exito
2023-11-28T17:53:26.629Z info: Operacion realizada con exito
2023-11-28T17:53:31.773Z info: Received a GET request for /api/favoritos/90
2023-11-28T17:53:31.784Z info: Received a GET request for /api/favoritos/90
2023-11-28T17:53:31.786Z info: Received a GET request for /api/usuarios/90
2023-11-28T17:53:31.796Z info: Received a GET request for /api/carrito/90
2023-11-28T17:53:31.798Z info: Received a GET request for /api/favoritos/90
2023-11-28T17:53:31.799Z info: Received a GET request for /api/favoritos/90
2023-11-28T17:53:31.800Z info: Received a GET request for /api/usuarios/90
2023-11-28T17:53:31.801Z info: Received a GET request for /api/favoritos/90
2023-11-28T17:53:31.802Z info: Received a GET request for /api/categorias
2023-11-28T17:53:31.967Z info: Received a GET request for /api/filtros/search?nombre=&categoriaId=&precioMin=&precioMax=&page=1
2023-11-28T17:53:31.981Z info: Received a GET request for /api/filtros/search?nombre=&categoriaId=&precioMin=&precioMax=&page=1
2023-11-28T17:53:31.983Z info: Received a GET request for /api/carrito/90
2023-11-28T17:53:31.987Z info: Operacion realizada con exito
2023-11-28T17:53:31.997Z info: Received a GET request for /api/categorias
2023-11-28T17:53:31.999Z info: Received a GET request for /api/favoritos/90
2023-11-28T17:53:32.172Z info: Operacion realizada con exito
2023-11-28T17:53:32.345Z info: Operacion realizada con exito
2023-11-28T17:53:32.349Z info: Operacion realizada con exito
2023-11-28T17:53:33.660Z info: Received a GET request for /api/favoritos/90
2023-11-28T17:53:33.669Z info: Received a GET request for /api/favoritos/90
2023-11-28T17:53:33.671Z info: Received a GET request for /api/usuarios/90
2023-11-28T17:53:33.673Z info: Received a GET request for /api/carrito/90
2023-11-28T17:53:33.678Z info: Received a GET request for /api/productReviews
2023-11-28T17:53:33.679Z info: Received a GET request for /api/productos/87
2023-11-28T17:53:33.683Z info: Received a GET request for /api/productReviews/87
2023-11-28T17:53:33.685Z info: Received a GET request for /api/favoritos/90
2023-11-28T17:53:33.686Z info: Received a GET request for /api/usuarios/90
2023-11-28T17:53:33.694Z info: Received a GET request for /api/favoritos/90
2023-11-28T17:53:33.860Z info: Received a GET request for /api/productReviews/87
2023-11-28T17:53:33.869Z info: Operacion realizada con exito
2023-11-28T17:53:33.889Z info: Operacion realizada con exito
2023-11-28T17:53:33.900Z info: Received a GET request for /api/carrito/90
2023-11-28T17:53:33.907Z info: Received a GET request for /api/productos/87
2023-11-28T17:53:33.909Z info: Received a GET request for /api/productReviews
2023-11-28T17:53:34.219Z info: Operacion realizada con exito
2023-11-28T17:53:34.239Z info: Operacion realizada con exito
2023-11-28T17:53:38.031Z info: Received a GET request for /api/favoritos/90
2023-11-28T17:53:38.035Z info: Received a GET request for /api/usuarios/90
2023-11-28T17:53:38.039Z info: Received a GET request for /api/favoritos/90
2023-11-28T17:53:38.041Z info: Received a GET request for /api/carrito/90
2023-11-28T17:53:38.048Z info: Received a GET request for /api/favoritos/90
2023-11-28T17:53:38.050Z info: Received a GET request for /api/favoritos/90
2023-11-28T17:53:38.052Z info: Received a GET request for /api/usuarios/90
2023-11-28T17:53:38.053Z info: Received a GET request for /api/categorias
2023-11-28T17:53:38.054Z info: Received a GET request for /api/filtros/search?nombre=&categoriaId=&precioMin=&precioMax=&page=1
2023-11-28T17:53:38.225Z info: Received a GET request for /api/favoritos/90
2023-11-28T17:53:38.227Z info: Received a GET request for /api/filtros/search?nombre=&categoriaId=&precioMin=&precioMax=&page=1
2023-11-28T17:53:38.235Z info: Operacion realizada con exito
2023-11-28T17:53:38.240Z info: Received a GET request for /api/carrito/90
2023-11-28T17:53:38.244Z info: Received a GET request for /api/categorias
2023-11-28T17:53:38.245Z info: Received a GET request for /api/favoritos/90
2023-11-28T17:53:38.424Z info: Operacion realizada con exito
2023-11-28T17:53:38.602Z info: Operacion realizada con exito
2023-11-28T17:53:38.605Z info: Operacion realizada con exito
2023-11-28T17:53:39.718Z info: Received a GET request for /api/favoritos/90
2023-11-28T17:53:39.720Z info: Received a GET request for /api/favoritos/90
2023-11-28T17:53:39.722Z info: Received a GET request for /api/usuarios/90
2023-11-28T17:53:39.723Z info: Received a GET request for /api/favoritos/90
2023-11-28T17:53:39.725Z info: Received a GET request for /api/usuarios/90
2023-11-28T17:53:39.726Z info: Received a GET request for /api/favoritos/90
2023-11-28T17:53:39.728Z info: Received a GET request for /api/carrito/90
2023-11-28T17:53:39.729Z info: Received a GET request for /api/carrito/90
2023-11-28T17:53:39.731Z info: Received a GET request for /api/carrito/90
2023-11-28T17:53:39.907Z info: Received a GET request for /api/carrito/90
2023-11-28T17:53:40.096Z info: Operacion realizada con exito
2023-11-28T17:53:40.098Z info: Operacion realizada con exito
2023-11-28T17:53:40.104Z info: Operacion realizada con exito
2023-11-28T17:53:40.109Z info: Operacion realizada con exito
2023-11-28T17:53:41.737Z info: Received a GET request for /api/favoritos/90
2023-11-28T17:53:41.746Z info: Received a GET request for /api/usuarios/90
2023-11-28T17:53:41.750Z info: Received a GET request for /api/favoritos/90
2023-11-28T17:53:41.753Z info: Received a GET request for /api/carrito/90
2023-11-28T17:53:41.760Z info: Received a GET request for /api/favoritos/90
2023-11-28T17:53:41.762Z info: Received a GET request for /api/categorias
2023-11-28T17:53:41.763Z info: Received a GET request for /api/filtros/search?nombre=&categoriaId=&precioMin=&precioMax=&page=1
2023-11-28T17:53:41.765Z info: Received a GET request for /api/favoritos/90
2023-11-28T17:53:41.766Z info: Received a GET request for /api/usuarios/90
2023-11-28T17:53:41.933Z info: Received a GET request for /api/favoritos/90
2023-11-28T17:53:41.948Z info: Received a GET request for /api/filtros/search?nombre=&categoriaId=&precioMin=&precioMax=&page=1
2023-11-28T17:53:41.951Z info: Received a GET request for /api/carrito/90
2023-11-28T17:53:41.956Z info: Operacion realizada con exito
2023-11-28T17:53:41.965Z info: Received a GET request for /api/categorias
2023-11-28T17:53:41.966Z info: Received a GET request for /api/favoritos/90
2023-11-28T17:53:42.120Z info: Operacion realizada con exito
2023-11-28T17:53:42.314Z info: Operacion realizada con exito
2023-11-28T17:53:42.316Z info: Operacion realizada con exito
2023-11-28T17:53:43.584Z info: Received a POST request for /api/carrito/addItem
2023-11-28T17:53:45.582Z info: Operación realizada con éxito
2023-11-28T17:53:45.665Z info: Received a GET request for /api/usuarios/90
2023-11-28T17:53:45.667Z info: Received a GET request for /api/favoritos/90
2023-11-28T17:53:45.669Z info: Received a GET request for /api/carrito/90
2023-11-28T17:53:45.861Z info: Operacion realizada con exito
2023-11-28T17:53:46.928Z info: Received a POST request for /api/carrito/addItem
2023-11-28T17:53:48.313Z info: Operación realizada con éxito
2023-11-28T17:53:48.399Z info: Received a GET request for /api/usuarios/90
2023-11-28T17:53:48.403Z info: Received a GET request for /api/favoritos/90
2023-11-28T17:53:48.405Z info: Received a GET request for /api/carrito/90
2023-11-28T17:53:48.600Z info: Operacion realizada con exito
2023-11-28T17:53:51.681Z info: Received a GET request for /api/favoritos/90
2023-11-28T17:53:51.685Z info: Received a GET request for /api/usuarios/90
2023-11-28T17:53:51.696Z info: Received a GET request for /api/favoritos/90
2023-11-28T17:53:51.698Z info: Received a GET request for /api/carrito/90
2023-11-28T17:53:51.705Z info: Received a GET request for /api/carrito/90
2023-11-28T17:53:51.708Z info: Received a GET request for /api/favoritos/90
2023-11-28T17:53:51.709Z info: Received a GET request for /api/usuarios/90
2023-11-28T17:53:51.710Z info: Received a GET request for /api/favoritos/90
2023-11-28T17:53:51.712Z info: Received a GET request for /api/carrito/90
2023-11-28T17:53:51.878Z info: Received a GET request for /api/carrito/90
2023-11-28T17:53:51.889Z info: Operacion realizada con exito
2023-11-28T17:53:51.900Z info: Operacion realizada con exito
2023-11-28T17:53:52.075Z info: Operacion realizada con exito
2023-11-28T17:53:52.086Z info: Operacion realizada con exito
2023-11-28T17:53:56.102Z info: Received a POST request for /api/carrito/addItem
2023-11-28T17:53:57.498Z info: Operación realizada con éxito
2023-11-28T17:53:57.538Z info: Received a GET request for /api/carrito/90
2023-11-28T17:53:57.729Z info: Operacion realizada con exito
2023-11-28T17:53:59.534Z info: Received a POST request for /api/carrito/removeItem
2023-11-28T17:54:01.108Z info: Operación realizada con éxito
2023-11-28T17:54:01.164Z info: Received a GET request for /api/carrito/90
2023-11-28T17:54:01.355Z info: Operacion realizada con exito
2023-11-28T17:54:01.916Z info: Received a POST request for /api/carrito/addItem
2023-11-28T17:54:03.314Z info: Operación realizada con éxito
2023-11-28T17:54:03.351Z info: Received a GET request for /api/carrito/90
2023-11-28T17:54:03.540Z info: Operacion realizada con exito
2023-11-28T17:54:03.955Z info: Received a POST request for /api/pago/create-order
2023-11-28T17:54:21.300Z info: Received a GET request for /api/pago/capture-order?carrito=32&token=09N244579N674924T&PayerID=RYX4E5X25RUGY
2023-11-28T17:54:29.296Z info: Received a GET request for /api/favoritos/90
2023-11-28T17:54:29.303Z info: Received a GET request for /api/usuarios/90
2023-11-28T17:54:29.304Z info: Received a GET request for /api/favoritos/90
2023-11-28T17:54:29.306Z info: Received a GET request for /api/carrito/90
2023-11-28T17:54:29.309Z info: Received a GET request for /api/reviews
2023-11-28T17:54:29.316Z info: Received a GET request for /api/favoritos/90
2023-11-28T17:54:29.493Z info: Received a GET request for /api/usuarios/90
2023-11-28T17:54:29.507Z info: Received a GET request for /api/favoritos/90
2023-11-28T17:54:29.529Z info: Received a GET request for /api/carrito/90
2023-11-28T17:54:29.681Z info: Operacion realizada con exito
2023-11-28T17:54:29.685Z info: Received a GET request for /api/reviews
2023-11-28T17:54:29.881Z info: Operacion realizada con exito
2023-11-28T17:54:32.638Z info: Received a GET request for /api/favoritos/90
2023-11-28T17:54:32.639Z info: Received a GET request for /api/usuarios/90
2023-11-28T17:54:32.651Z info: Received a GET request for /api/favoritos/90
2023-11-28T17:54:32.657Z info: Received a GET request for /api/carrito/90
2023-11-28T17:54:32.663Z info: Received a GET request for /api/favoritos/90
2023-11-28T17:54:32.668Z info: Received a GET request for /api/categorias
2023-11-28T17:54:32.669Z info: Received a GET request for /api/favoritos/90
2023-11-28T17:54:32.670Z info: Received a GET request for /api/filtros/search?nombre=&categoriaId=&precioMin=&precioMax=&page=1
2023-11-28T17:54:32.671Z info: Received a GET request for /api/usuarios/90
2023-11-28T17:54:32.833Z info: Received a GET request for /api/favoritos/90
2023-11-28T17:54:32.849Z info: Received a GET request for /api/filtros/search?nombre=&categoriaId=&precioMin=&precioMax=&page=1
2023-11-28T17:54:32.851Z info: Operacion realizada con exito
2023-11-28T17:54:32.858Z info: Received a GET request for /api/carrito/90
2023-11-28T17:54:32.861Z info: Received a GET request for /api/categorias
2023-11-28T17:54:33.016Z info: Operacion realizada con exito
2023-11-28T17:54:33.018Z info: Received a GET request for /api/favoritos/90
2023-11-28T17:54:33.226Z info: Operacion realizada con exito
2023-11-28T17:54:33.228Z info: Operacion realizada con exito
2023-11-28T17:54:35.799Z info: Received a GET request for /api/categorias
2023-11-28T17:54:35.800Z info: Received a GET request for /api/filtros/search?nombre=&categoriaId=&precioMin=&precioMax=&page=2
2023-11-28T17:54:35.991Z info: Operacion realizada con exito
2023-11-28T17:54:38.640Z info: Received a GET request for /api/categorias
2023-11-28T17:54:38.642Z info: Received a GET request for /api/filtros/search?nombre=&categoriaId=&precioMin=&precioMax=&page=3
2023-11-28T17:54:38.827Z info: Operacion realizada con exito
2023-11-28T17:54:41.783Z info: Received a GET request for /api/favoritos/90
2023-11-28T17:54:41.789Z info: Received a GET request for /api/usuarios/90
2023-11-28T17:54:41.795Z info: Received a GET request for /api/favoritos/90
2023-11-28T17:54:41.802Z info: Received a GET request for /api/carrito/90
2023-11-28T17:54:41.805Z info: Received a GET request for /api/productReviews
2023-11-28T17:54:41.808Z info: Received a GET request for /api/productos/87
2023-11-28T17:54:41.812Z info: Received a GET request for /api/productReviews/87
2023-11-28T17:54:41.815Z info: Received a GET request for /api/favoritos/90
2023-11-28T17:54:41.817Z info: Received a GET request for /api/usuarios/90
2023-11-28T17:54:41.819Z info: Received a GET request for /api/favoritos/90
2023-11-28T17:54:41.976Z info: Received a GET request for /api/productReviews/87
2023-11-28T17:54:41.984Z info: Received a GET request for /api/carrito/90
2023-11-28T17:54:41.992Z info: Received a GET request for /api/productos/87
2023-11-28T17:54:41.995Z info: Operacion realizada con exito
2023-11-28T17:54:41.999Z info: Operacion realizada con exito
2023-11-28T17:54:42.001Z info: Received a GET request for /api/productReviews
2023-11-28T17:54:42.351Z info: Operacion realizada con exito
2023-11-28T17:54:42.359Z info: Operacion realizada con exito
2023-11-28T17:54:52.346Z info: Received a GET request for /api/favoritos/90
2023-11-28T17:54:52.348Z info: Received a GET request for /api/usuarios/90
2023-11-28T17:54:52.352Z info: Received a GET request for /api/favoritos/90
2023-11-28T17:54:52.355Z info: Received a GET request for /api/carrito/90
2023-11-28T17:54:52.357Z info: Received a GET request for /api/reviews
2023-11-28T17:54:52.364Z info: Received a GET request for /api/favoritos/90
2023-11-28T17:54:52.371Z info: Received a GET request for /api/usuarios/90
2023-11-28T17:54:52.374Z info: Received a GET request for /api/favoritos/90
2023-11-28T17:54:52.376Z info: Received a GET request for /api/carrito/90
2023-11-28T17:54:52.540Z info: Received a GET request for /api/reviews
2023-11-28T17:54:52.549Z info: Operacion realizada con exito
2023-11-28T17:54:52.736Z info: Operacion realizada con exito
2023-11-28T17:54:54.740Z info: Received a GET request for /api/favoritos/90
2023-11-28T17:54:54.745Z info: Received a GET request for /api/usuarios/90
2023-11-28T17:54:54.751Z info: Received a GET request for /api/favoritos/90
2023-11-28T17:54:54.756Z info: Received a GET request for /api/favoritos/90
2023-11-28T17:54:54.758Z info: Received a GET request for /api/carrito/90
2023-11-28T17:54:54.760Z info: Received a GET request for /api/categorias
2023-11-28T17:54:54.763Z info: Received a GET request for /api/filtros/search?nombre=&categoriaId=&precioMin=&precioMax=&page=1
2023-11-28T17:54:54.766Z info: Received a GET request for /api/favoritos/90
2023-11-28T17:54:54.768Z info: Received a GET request for /api/usuarios/90
2023-11-28T17:54:54.939Z info: Received a GET request for /api/favoritos/90
2023-11-28T17:54:54.942Z info: Received a GET request for /api/filtros/search?nombre=&categoriaId=&precioMin=&precioMax=&page=1
2023-11-28T17:54:54.951Z info: Operacion realizada con exito
2023-11-28T17:54:54.954Z info: Received a GET request for /api/carrito/90
2023-11-28T17:54:54.956Z info: Received a GET request for /api/categorias
2023-11-28T17:54:54.958Z info: Received a GET request for /api/favoritos/90
2023-11-28T17:54:55.124Z info: Operacion realizada con exito
2023-11-28T17:54:55.315Z info: Operacion realizada con exito
2023-11-28T17:54:55.320Z info: Operacion realizada con exito
2023-11-28T17:54:58.022Z info: Received a GET request for /api/categorias
2023-11-28T17:54:58.024Z info: Received a GET request for /api/filtros/search?nombre=&categoriaId=&precioMin=&precioMax=&page=2
2023-11-28T17:54:58.209Z info: Operacion realizada con exito
2023-11-28T17:55:00.446Z info: Received a GET request for /api/categorias
2023-11-28T17:55:00.447Z info: Received a GET request for /api/filtros/search?nombre=&categoriaId=&precioMin=&precioMax=&page=3
2023-11-28T17:55:00.637Z info: Operacion realizada con exito
2023-11-28T17:55:03.958Z info: Received a GET request for /api/categorias
2023-11-28T17:55:03.959Z info: Received a GET request for /api/filtros/search?nombre=&categoriaId=&precioMin=&precioMax=&page=4
2023-11-28T17:55:04.144Z info: Operacion realizada con exito
2023-11-28T17:55:06.281Z info: Received a GET request for /api/categorias
2023-11-28T17:55:06.282Z info: Received a GET request for /api/filtros/search?nombre=&categoriaId=&precioMin=&precioMax=&page=5
2023-11-28T17:55:06.469Z info: Operacion realizada con exito
2023-11-28T17:55:08.757Z info: Received a GET request for /api/categorias
2023-11-28T17:55:08.758Z info: Received a GET request for /api/filtros/search?nombre=&categoriaId=&precioMin=&precioMax=&page=3
2023-11-28T17:55:08.943Z info: Operacion realizada con exito
2023-11-28T17:55:11.277Z info: Received a GET request for /api/favoritos/90
2023-11-28T17:55:11.282Z info: Received a GET request for /api/usuarios/90
2023-11-28T17:55:11.286Z info: Received a GET request for /api/favoritos/90
2023-11-28T17:55:11.293Z info: Received a GET request for /api/carrito/90
2023-11-28T17:55:11.296Z info: Received a GET request for /api/favoritos/90
2023-11-28T17:55:11.298Z info: Received a GET request for /api/productReviews
2023-11-28T17:55:11.301Z info: Received a GET request for /api/productos/87
2023-11-28T17:55:11.304Z info: Received a GET request for /api/productReviews/87
2023-11-28T17:55:11.308Z info: Received a GET request for /api/usuarios/90
2023-11-28T17:55:11.313Z info: Received a GET request for /api/favoritos/90
2023-11-28T17:55:11.471Z info: Received a GET request for /api/productReviews/87
2023-11-28T17:55:11.477Z info: Received a GET request for /api/carrito/90
2023-11-28T17:55:11.662Z info: Operacion realizada con exito
2023-11-28T17:55:11.671Z info: Received a GET request for /api/productos/87
2023-11-28T17:55:11.681Z info: Received a GET request for /api/productReviews
2023-11-28T17:55:11.850Z info: Operacion realizada con exito
2023-11-28T17:55:12.410Z info: Operacion realizada con exito
2023-11-28T17:55:12.423Z info: Operacion realizada con exito
2023-11-28T17:55:13.709Z info: Received a POST request for /api/carrito/addItem
2023-11-28T17:55:15.716Z info: Operación realizada con éxito
2023-11-28T17:55:15.773Z info: Received a GET request for /api/usuarios/90
2023-11-28T17:55:15.775Z info: Received a GET request for /api/favoritos/90
2023-11-28T17:55:15.777Z info: Received a GET request for /api/carrito/90
2023-11-28T17:55:15.976Z info: Operacion realizada con exito
2023-11-28T17:55:17.618Z info: Received a GET request for /api/favoritos/90
2023-11-28T17:55:17.620Z info: Received a GET request for /api/favoritos/90
2023-11-28T17:55:17.632Z info: Received a GET request for /api/favoritos/90
2023-11-28T17:55:17.634Z info: Received a GET request for /api/usuarios/90
2023-11-28T17:55:17.636Z info: Received a GET request for /api/usuarios/90
2023-11-28T17:55:17.638Z info: Received a GET request for /api/favoritos/90
2023-11-28T17:55:17.639Z info: Received a GET request for /api/carrito/90
2023-11-28T17:55:17.642Z info: Received a GET request for /api/carrito/90
2023-11-28T17:55:17.644Z info: Received a GET request for /api/carrito/90
2023-11-28T17:55:17.811Z info: Received a GET request for /api/carrito/90
2023-11-28T17:55:18.009Z info: Operacion realizada con exito
2023-11-28T17:55:18.012Z info: Operacion realizada con exito
2023-11-28T17:55:18.021Z info: Operacion realizada con exito
2023-11-28T17:55:18.093Z info: Operacion realizada con exito
2023-11-28T17:55:19.884Z info: Received a POST request for /api/pago/create-order
2023-11-28T17:55:27.208Z info: Received a GET request for /api/pago/capture-order?carrito=32&token=6JY13375869724618&PayerID=RYX4E5X25RUGY
2023-11-28T17:55:34.057Z info: Received a GET request for /api/favoritos/90
2023-11-28T17:55:34.064Z info: Received a GET request for /api/usuarios/90
2023-11-28T17:55:34.066Z info: Received a GET request for /api/favoritos/90
2023-11-28T17:55:34.067Z info: Received a GET request for /api/carrito/90
2023-11-28T17:55:34.071Z info: Received a GET request for /api/reviews
2023-11-28T17:55:34.077Z info: Received a GET request for /api/favoritos/90
2023-11-28T17:55:34.248Z info: Received a GET request for /api/usuarios/90
2023-11-28T17:55:34.259Z info: Received a GET request for /api/favoritos/90
2023-11-28T17:55:34.433Z info: Operacion realizada con exito
2023-11-28T17:55:34.436Z info: Received a GET request for /api/carrito/90
2023-11-28T17:55:34.444Z info: Received a GET request for /api/reviews
2023-11-28T17:55:34.807Z info: Operacion realizada con exito
2023-11-28T17:55:36.124Z info: Received a GET request for /api/favoritos/90
2023-11-28T17:55:36.128Z info: Received a GET request for /api/favoritos/90
2023-11-28T17:55:36.129Z info: Received a GET request for /api/usuarios/90
2023-11-28T17:55:36.138Z info: Received a GET request for /api/carrito/90
2023-11-28T17:55:36.140Z info: Received a GET request for /api/favoritos/90
2023-11-28T17:55:36.142Z info: Received a GET request for /api/categorias
2023-11-28T17:55:36.145Z info: Received a GET request for /api/filtros/search?nombre=&categoriaId=&precioMin=&precioMax=&page=1
2023-11-28T17:55:36.148Z info: Received a GET request for /api/favoritos/90
2023-11-28T17:55:36.151Z info: Received a GET request for /api/usuarios/90
2023-11-28T17:55:36.317Z info: Received a GET request for /api/favoritos/90
2023-11-28T17:55:36.324Z info: Received a GET request for /api/filtros/search?nombre=&categoriaId=&precioMin=&precioMax=&page=1
2023-11-28T17:55:36.329Z info: Operacion realizada con exito
2023-11-28T17:55:36.339Z info: Received a GET request for /api/carrito/90
2023-11-28T17:55:36.341Z info: Received a GET request for /api/categorias
2023-11-28T17:55:36.361Z info: Received a GET request for /api/favoritos/90
2023-11-28T17:55:36.500Z info: Operacion realizada con exito
2023-11-28T17:55:36.694Z info: Operacion realizada con exito
2023-11-28T17:55:36.701Z info: Operacion realizada con exito
2023-11-28T17:55:38.489Z info: Received a GET request for /api/categorias
2023-11-28T17:55:38.490Z info: Received a GET request for /api/filtros/search?nombre=&categoriaId=&precioMin=&precioMax=&page=2
2023-11-28T17:55:38.677Z info: Operacion realizada con exito
2023-11-28T17:55:41.039Z info: Received a GET request for /api/categorias
2023-11-28T17:55:41.040Z info: Received a GET request for /api/filtros/search?nombre=&categoriaId=&precioMin=&precioMax=&page=3
2023-11-28T17:55:41.220Z info: Operacion realizada con exito
2023-11-28T17:55:43.557Z info: Received a GET request for /api/favoritos/90
2023-11-28T17:55:43.562Z info: Received a GET request for /api/usuarios/90
2023-11-28T17:55:43.567Z info: Received a GET request for /api/favoritos/90
2023-11-28T17:55:43.584Z info: Received a GET request for /api/carrito/90
2023-11-28T17:55:43.588Z info: Received a GET request for /api/productReviews
2023-11-28T17:55:43.588Z info: Received a GET request for /api/productos/87
2023-11-28T17:55:43.591Z info: Received a GET request for /api/productReviews/87
2023-11-28T17:55:43.594Z info: Received a GET request for /api/favoritos/90
2023-11-28T17:55:43.596Z info: Received a GET request for /api/usuarios/90
2023-11-28T17:55:43.599Z info: Received a GET request for /api/favoritos/90
2023-11-28T17:55:43.753Z info: Received a GET request for /api/productReviews/87
2023-11-28T17:55:43.754Z info: Received a GET request for /api/carrito/90
2023-11-28T17:55:43.760Z info: Received a GET request for /api/productos/87
2023-11-28T17:55:43.775Z info: Operacion realizada con exito
2023-11-28T17:55:43.778Z info: Received a GET request for /api/productReviews
2023-11-28T17:55:43.783Z info: Operacion realizada con exito
2023-11-28T17:55:44.109Z info: Operacion realizada con exito
2023-11-28T17:55:44.116Z info: Operacion realizada con exito
2023-11-28T17:55:46.974Z info: Received a POST request for /api/carrito/addItem
2023-11-28T17:55:48.974Z info: Operación realizada con éxito
2023-11-28T17:55:49.071Z info: Received a GET request for /api/usuarios/90
2023-11-28T17:55:49.073Z info: Received a GET request for /api/favoritos/90
2023-11-28T17:55:49.075Z info: Received a GET request for /api/carrito/90
2023-11-28T17:55:49.266Z info: Operacion realizada con exito
2023-11-28T17:55:51.138Z info: Received a GET request for /api/favoritos/90
2023-11-28T17:55:51.144Z info: Received a GET request for /api/usuarios/90
2023-11-28T17:55:51.147Z info: Received a GET request for /api/favoritos/90
2023-11-28T17:55:51.155Z info: Received a GET request for /api/carrito/90
2023-11-28T17:55:51.159Z info: Received a GET request for /api/carrito/90
2023-11-28T17:55:51.165Z info: Received a GET request for /api/favoritos/90
2023-11-28T17:55:51.168Z info: Received a GET request for /api/usuarios/90
2023-11-28T17:55:51.171Z info: Received a GET request for /api/favoritos/90
2023-11-28T17:55:51.172Z info: Received a GET request for /api/carrito/90
2023-11-28T17:55:51.340Z info: Received a GET request for /api/carrito/90
2023-11-28T17:55:51.353Z info: Operacion realizada con exito
2023-11-28T17:55:51.358Z info: Operacion realizada con exito
2023-11-28T17:55:51.540Z info: Operacion realizada con exito
2023-11-28T17:55:51.543Z info: Operacion realizada con exito
2023-11-28T17:55:55.156Z info: Received a POST request for /api/pago/create-order
2023-11-28T17:56:02.382Z info: Received a GET request for /api/pago/capture-order?carrito=32&token=5L448039SS453925L&PayerID=RYX4E5X25RUGY
2023-11-28T17:56:08.636Z info: Received a GET request for /api/favoritos/90
2023-11-28T17:56:08.642Z info: Received a GET request for /api/usuarios/90
2023-11-28T17:56:08.645Z info: Received a GET request for /api/favoritos/90
2023-11-28T17:56:08.649Z info: Received a GET request for /api/carrito/90
2023-11-28T17:56:08.651Z info: Received a GET request for /api/reviews
2023-11-28T17:56:08.664Z info: Received a GET request for /api/favoritos/90
2023-11-28T17:56:08.833Z info: Received a GET request for /api/usuarios/90
2023-11-28T17:56:08.845Z info: Received a GET request for /api/favoritos/90
2023-11-28T17:56:08.994Z info: Received a GET request for /api/carrito/90
2023-11-28T17:56:09.014Z info: Operacion realizada con exito
2023-11-28T17:56:09.018Z info: Received a GET request for /api/reviews
2023-11-28T17:56:09.204Z info: Operacion realizada con exito
2023-11-28T17:56:10.739Z info: Received a GET request for /api/favoritos/90
2023-11-28T17:56:10.743Z info: Received a GET request for /api/favoritos/90
2023-11-28T17:56:10.745Z info: Received a GET request for /api/usuarios/90
2023-11-28T17:56:10.755Z info: Received a GET request for /api/carrito/90
2023-11-28T17:56:10.757Z info: Received a GET request for /api/favoritos/90
2023-11-28T17:56:10.760Z info: Received a GET request for /api/categorias
2023-11-28T17:56:10.761Z info: Received a GET request for /api/filtros/search?nombre=&categoriaId=&precioMin=&precioMax=&page=1
2023-11-28T17:56:10.763Z info: Received a GET request for /api/favoritos/90
2023-11-28T17:56:10.764Z info: Received a GET request for /api/usuarios/90
2023-11-28T17:56:10.934Z info: Received a GET request for /api/favoritos/90
2023-11-28T17:56:10.942Z info: Operacion realizada con exito
2023-11-28T17:56:10.945Z info: Received a GET request for /api/filtros/search?nombre=&categoriaId=&precioMin=&precioMax=&page=1
2023-11-28T17:56:11.312Z info: Received a GET request for /api/carrito/90
2023-11-28T17:56:11.497Z info: Received a GET request for /api/categorias
2023-11-28T17:56:11.559Z info: Received a GET request for /api/favoritos/90
2023-11-28T17:56:11.923Z info: Operacion realizada con exito
2023-11-28T17:56:12.049Z info: Operacion realizada con exito
2023-11-28T17:56:12.779Z info: Operacion realizada con exito
2023-11-28T17:56:14.442Z info: Received a GET request for /api/favoritos/90
2023-11-28T17:56:14.445Z info: Received a GET request for /api/usuarios/90
2023-11-28T17:56:14.456Z info: Received a GET request for /api/favoritos/90
2023-11-28T17:56:14.457Z info: Received a GET request for /api/carrito/90
2023-11-28T17:56:14.459Z info: Received a GET request for /api/productReviews/87
2023-11-28T17:56:14.461Z info: Received a GET request for /api/productReviews
2023-11-28T17:56:14.462Z info: Received a GET request for /api/productos/87
2023-11-28T17:56:14.465Z info: Received a GET request for /api/favoritos/90
2023-11-28T17:56:14.469Z info: Received a GET request for /api/usuarios/90
2023-11-28T17:56:14.473Z info: Received a GET request for /api/favoritos/90
2023-11-28T17:56:14.639Z info: Received a GET request for /api/carrito/90
2023-11-28T17:56:14.644Z info: Operacion realizada con exito
2023-11-28T17:56:14.648Z info: Received a GET request for /api/productReviews/87
2023-11-28T17:56:14.657Z info: Received a GET request for /api/productReviews
2023-11-28T17:56:14.661Z info: Received a GET request for /api/productos/87
2023-11-28T17:56:14.830Z info: Operacion realizada con exito
2023-11-28T17:56:15.012Z info: Operacion realizada con exito
2023-11-28T17:56:15.224Z info: Operacion realizada con exito
2023-11-28T17:59:05.827Z info: Received a GET request for /api/favoritos/90
2023-11-28T17:59:05.832Z info: Received a GET request for /api/usuarios/90
2023-11-28T17:59:05.840Z info: Received a GET request for /api/favoritos/90
2023-11-28T17:59:05.841Z info: Received a GET request for /api/carrito/90
2023-11-28T17:59:05.850Z info: Received a GET request for /api/reviews
2023-11-28T17:59:05.866Z info: Received a GET request for /api/favoritos/90
2023-11-28T17:59:05.869Z info: Received a GET request for /api/usuarios/90
2023-11-28T17:59:05.873Z info: Received a GET request for /api/favoritos/90
2023-11-28T17:59:05.875Z info: Received a GET request for /api/carrito/90
2023-11-28T17:59:07.597Z info: Received a GET request for /api/reviews
2023-11-28T17:59:07.614Z info: Operacion realizada con exito
2023-11-28T17:59:07.806Z info: Operacion realizada con exito
2023-11-28T18:00:24.162Z info: Received a GET request for /api/favoritos/90
2023-11-28T18:00:24.167Z info: Received a GET request for /api/usuarios/90
2023-11-28T18:00:24.169Z info: Received a GET request for /api/favoritos/90
2023-11-28T18:00:24.173Z info: Received a GET request for /api/carrito/90
2023-11-28T18:00:24.176Z info: Received a GET request for /api/reviews
2023-11-28T18:00:24.190Z info: Received a GET request for /api/favoritos/90
2023-11-28T18:00:24.198Z info: Received a GET request for /api/usuarios/90
2023-11-28T18:00:24.201Z info: Received a GET request for /api/favoritos/90
2023-11-28T18:00:24.203Z info: Received a GET request for /api/carrito/90
2023-11-28T18:00:25.790Z info: Received a GET request for /api/reviews
2023-11-28T18:00:26.793Z info: Operacion realizada con exito
2023-11-28T18:00:26.972Z info: Operacion realizada con exito
2023-11-28T18:03:45.877Z info: Received a GET request for /api/usuarios/90
2023-11-28T18:03:45.879Z info: Received a GET request for /api/favoritos/90
2023-11-28T18:03:45.881Z info: Received a GET request for /api/carrito/90
2023-11-28T18:03:47.521Z info: Operacion realizada con exito
2023-11-28T18:03:48.631Z info: Received a GET request for /api/favoritos/90
2023-11-28T18:03:48.639Z info: Received a GET request for /api/usuarios/90
2023-11-28T18:03:48.644Z info: Received a GET request for /api/favoritos/90
2023-11-28T18:03:48.649Z info: Received a GET request for /api/carrito/90
2023-11-28T18:03:48.661Z info: Received a GET request for /api/reviews
2023-11-28T18:03:48.694Z info: Received a GET request for /api/favoritos/90
2023-11-28T18:03:48.827Z info: Received a GET request for /api/usuarios/90
2023-11-28T18:03:48.831Z info: Received a GET request for /api/favoritos/90
2023-11-28T18:03:48.847Z info: Received a GET request for /api/carrito/90
2023-11-28T18:03:49.016Z info: Received a GET request for /api/reviews
2023-11-28T18:03:49.021Z info: Operacion realizada con exito
2023-11-28T18:03:49.228Z info: Operacion realizada con exito
2023-11-28T18:03:49.841Z info: Received a GET request for /api/favoritos/90
2023-11-28T18:03:49.848Z info: Received a GET request for /api/usuarios/90
2023-11-28T18:03:49.851Z info: Received a GET request for /api/favoritos/90
2023-11-28T18:03:49.853Z info: Received a GET request for /api/carrito/90
2023-11-28T18:03:49.864Z info: Received a GET request for /api/reviews
2023-11-28T18:03:49.882Z info: Received a GET request for /api/favoritos/90
2023-11-28T18:03:50.029Z info: Received a GET request for /api/usuarios/90
2023-11-28T18:03:50.042Z info: Received a GET request for /api/favoritos/90
2023-11-28T18:03:50.048Z info: Received a GET request for /api/carrito/90
2023-11-28T18:03:50.167Z info: Operacion realizada con exito
2023-11-28T18:03:50.171Z info: Received a GET request for /api/reviews
2023-11-28T18:03:50.351Z info: Operacion realizada con exito
2023-11-28T18:04:10.524Z info: Received a GET request for /api/favoritos/90
2023-11-28T18:04:10.528Z info: Received a GET request for /api/usuarios/90
2023-11-28T18:04:10.533Z info: Received a GET request for /api/favoritos/90
2023-11-28T18:04:10.534Z info: Received a GET request for /api/carrito/90
2023-11-28T18:04:10.541Z info: Received a GET request for /api/favoritos/90
2023-11-28T18:04:10.543Z info: Received a GET request for /api/usuarios/90
2023-11-28T18:04:12.043Z info: Received a GET request for /api/favoritos/90
2023-11-28T18:04:12.061Z info: Received a GET request for /api/carrito/90
2023-11-28T18:04:12.071Z info: Received a GET request for /api/favoritos/90
2023-11-28T18:04:12.074Z info: Operacion realizada con exito
2023-11-28T18:04:12.077Z info: Received a GET request for /api/usuarios/90
2023-11-28T18:04:12.105Z info: Received a GET request for /api/favoritos/90
2023-11-28T18:04:12.229Z info: Received a GET request for /api/carrito/90
2023-11-28T18:04:12.257Z info: Operacion realizada con exito
2023-11-28T18:04:12.259Z info: Received a GET request for /api/favoritos/90
2023-11-28T18:04:12.263Z info: Received a GET request for /api/usuarios/90
2023-11-28T18:04:12.267Z info: Received a GET request for /api/favoritos/90
2023-11-28T18:04:12.291Z info: Received a GET request for /api/carrito/90
2023-11-28T18:04:12.438Z info: Operacion realizada con exito
2023-11-28T18:04:12.597Z info: Operacion realizada con exito
2023-11-28T18:04:59.708Z info: Received a GET request for /api/usuarios/90
2023-11-28T18:04:59.711Z info: Received a GET request for /api/favoritos/90
2023-11-28T18:04:59.713Z info: Received a GET request for /api/carrito/90
2023-11-28T18:04:59.846Z info: Received a GET request for /api/usuarios/90
2023-11-28T18:04:59.855Z info: Received a GET request for /api/favoritos/90
2023-11-28T18:04:59.859Z info: Received a GET request for /api/carrito/90
2023-11-28T18:05:01.398Z info: Operacion realizada con exito
2023-11-28T18:05:01.524Z info: Operacion realizada con exito
2023-11-28T18:05:11.083Z info: Received a GET request for /api/favoritos/90
2023-11-28T18:05:11.088Z info: Received a GET request for /api/usuarios/90
2023-11-28T18:05:11.091Z info: Received a GET request for /api/favoritos/90
2023-11-28T18:05:11.092Z info: Received a GET request for /api/carrito/90
2023-11-28T18:05:11.096Z info: Received a GET request for /api/reviews
2023-11-28T18:05:11.117Z info: Received a GET request for /api/favoritos/90
2023-11-28T18:05:11.272Z info: Received a GET request for /api/usuarios/90
2023-11-28T18:05:11.280Z info: Operacion realizada con exito
2023-11-28T18:05:11.287Z info: Received a GET request for /api/reviews
2023-11-28T18:05:11.293Z info: Received a GET request for /api/favoritos/90
2023-11-28T18:05:11.295Z info: Received a GET request for /api/usuarios/90
2023-11-28T18:05:11.301Z info: Received a GET request for /api/reviews
2023-11-28T18:05:11.455Z info: Received a GET request for /api/favoritos/90
2023-11-28T18:05:11.469Z info: Received a GET request for /api/usuarios/90
2023-11-28T18:05:11.481Z info: Received a GET request for /api/reviews
2023-11-28T18:05:17.383Z info: Received a GET request for /api/favoritos/90
2023-11-28T18:05:17.386Z info: Received a GET request for /api/usuarios/90
2023-11-28T18:05:17.391Z info: Received a GET request for /api/reviews
2023-11-28T18:05:17.409Z info: Received a GET request for /api/favoritos/90
2023-11-28T18:05:17.411Z info: Received a GET request for /api/usuarios/90
2023-11-28T18:05:17.415Z info: Received a GET request for /api/reviews
2023-11-28T18:05:17.577Z info: Received a GET request for /api/favoritos/90
2023-11-28T18:05:17.585Z info: Received a GET request for /api/usuarios/90
2023-11-28T18:05:17.587Z info: Received a GET request for /api/reviews
2023-11-28T18:05:17.596Z info: Received a GET request for /api/favoritos/90
2023-11-28T18:05:17.607Z info: Received a GET request for /api/usuarios/90
2023-11-28T18:05:17.772Z info: Received a GET request for /api/reviews
2023-11-28T18:05:25.575Z info: Received a GET request for /api/favoritos/90
2023-11-28T18:05:25.578Z info: Received a GET request for /api/usuarios/90
2023-11-28T18:05:25.580Z info: Received a GET request for /api/reviews
2023-11-28T18:05:25.596Z info: Received a GET request for /api/favoritos/90
2023-11-28T18:05:25.599Z info: Received a GET request for /api/usuarios/90
2023-11-28T18:05:25.604Z info: Received a GET request for /api/reviews
2023-11-28T18:05:25.769Z info: Received a GET request for /api/favoritos/90
2023-11-28T18:05:25.776Z info: Received a GET request for /api/usuarios/90
2023-11-28T18:05:25.781Z info: Received a GET request for /api/reviews
2023-11-28T18:05:25.788Z info: Received a GET request for /api/favoritos/90
2023-11-28T18:05:25.795Z info: Received a GET request for /api/usuarios/90
2023-11-28T18:05:25.960Z info: Received a GET request for /api/reviews
2023-11-28T18:06:01.425Z info: Received a GET request for /api/favoritos/90
2023-11-28T18:06:01.429Z info: Received a GET request for /api/usuarios/90
2023-11-28T18:06:01.544Z info: Received a GET request for /api/reviews
2023-11-28T18:06:01.548Z info: Received a GET request for /api/favoritos/90
2023-11-28T18:06:01.553Z info: Received a GET request for /api/usuarios/90
2023-11-28T18:06:01.559Z info: Received a GET request for /api/reviews
2023-11-28T18:06:44.390Z info: Received a GET request for /api/favoritos/90
2023-11-28T18:06:44.393Z info: Received a GET request for /api/usuarios/90
2023-11-28T18:06:44.395Z info: Received a GET request for /api/reviews
2023-11-28T18:06:44.397Z info: Received a GET request for /api/usuarios/90
2023-11-28T18:06:44.405Z info: Received a GET request for /api/reviews
2023-11-28T18:06:44.413Z info: Received a GET request for /api/favoritos/90
2023-11-28T18:06:45.941Z info: Received a GET request for /api/favoritos/90
2023-11-28T18:06:45.969Z info: Received a GET request for /api/usuarios/90
2023-11-28T18:06:45.975Z info: Received a GET request for /api/reviews
2023-11-28T18:06:45.988Z info: Received a GET request for /api/favoritos/90
2023-11-28T18:06:46.056Z info: Received a GET request for /api/usuarios/90
2023-11-28T18:06:46.133Z info: Received a GET request for /api/reviews
2023-11-28T18:06:59.960Z info: Received a GET request for /api/favoritos/90
2023-11-28T18:06:59.962Z info: Received a GET request for /api/usuarios/90
2023-11-28T18:07:00.025Z info: Received a GET request for /api/reviews
2023-11-28T18:07:00.070Z info: Received a GET request for /api/favoritos/90
2023-11-28T18:07:00.073Z info: Received a GET request for /api/usuarios/90
2023-11-28T18:07:00.087Z info: Received a GET request for /api/reviews
2023-11-28T18:07:23.161Z info: Received a GET request for /api/favoritos/90
2023-11-28T18:07:23.166Z info: Received a GET request for /api/usuarios/90
2023-11-28T18:07:23.172Z info: Received a GET request for /api/reviews
2023-11-28T18:07:23.192Z info: Received a GET request for /api/favoritos/90
2023-11-28T18:07:23.231Z info: Received a GET request for /api/usuarios/90
2023-11-28T18:07:23.237Z info: Received a GET request for /api/reviews
2023-11-28T18:07:24.870Z info: Received a GET request for /api/favoritos/90
2023-11-28T18:07:24.884Z info: Received a GET request for /api/usuarios/90
2023-11-28T18:07:24.898Z info: Received a GET request for /api/reviews
2023-11-28T18:07:24.914Z info: Received a GET request for /api/favoritos/90
2023-11-28T18:07:24.921Z info: Received a GET request for /api/usuarios/90
2023-11-28T18:07:25.055Z info: Received a GET request for /api/reviews
2023-11-28T18:07:36.651Z info: Received a GET request for /api/favoritos/90
2023-11-28T18:07:36.659Z info: Received a GET request for /api/usuarios/90
2023-11-28T18:07:36.661Z info: Received a GET request for /api/reviews
2023-11-28T18:07:36.665Z info: Received a GET request for /api/favoritos/90
2023-11-28T18:07:36.668Z info: Received a GET request for /api/usuarios/90
2023-11-28T18:07:36.670Z info: Received a GET request for /api/reviews
2023-11-28T18:07:38.189Z info: Received a GET request for /api/favoritos/90
2023-11-28T18:07:38.215Z info: Received a GET request for /api/usuarios/90
2023-11-28T18:07:38.218Z info: Received a GET request for /api/reviews
2023-11-28T18:07:38.229Z info: Received a GET request for /api/favoritos/90
2023-11-28T18:07:38.238Z info: Received a GET request for /api/usuarios/90
2023-11-28T18:07:38.370Z info: Received a GET request for /api/reviews
2023-11-28T18:07:49.452Z info: Received a GET request for /api/favoritos/90
2023-11-28T18:07:49.454Z info: Received a GET request for /api/usuarios/90
2023-11-28T18:07:49.455Z info: Received a GET request for /api/favoritos/90
2023-11-28T18:07:49.457Z info: Received a GET request for /api/reviews
2023-11-28T18:07:49.458Z info: Received a GET request for /api/carrito/90
2023-11-28T18:07:49.472Z info: Received a GET request for /api/favoritos/90
2023-11-28T18:07:50.989Z info: Received a GET request for /api/favoritos/90
2023-11-28T18:07:51.015Z info: Received a GET request for /api/usuarios/90
2023-11-28T18:07:51.022Z info: Received a GET request for /api/favoritos/90
2023-11-28T18:07:51.027Z info: Received a GET request for /api/carrito/90
2023-11-28T18:07:51.082Z info: Operacion realizada con exito
2023-11-28T18:07:51.085Z info: Received a GET request for /api/reviews
2023-11-28T18:07:51.174Z info: Received a GET request for /api/favoritos/90
2023-11-28T18:07:51.209Z info: Received a GET request for /api/usuarios/90
2023-11-28T18:07:51.216Z info: Received a GET request for /api/favoritos/90
2023-11-28T18:07:51.225Z info: Received a GET request for /api/carrito/90
2023-11-28T18:07:51.275Z info: Operacion realizada con exito
2023-11-28T18:07:51.279Z info: Received a GET request for /api/reviews
2023-11-28T18:07:51.362Z info: Received a GET request for /api/usuarios/90
2023-11-28T18:07:51.396Z info: Received a GET request for /api/favoritos/90
2023-11-28T18:07:51.403Z info: Received a GET request for /api/carrito/90
2023-11-28T18:07:51.417Z info: Received a GET request for /api/reviews
2023-11-28T18:07:51.468Z info: Operacion realizada con exito
2023-11-28T18:07:51.606Z info: Operacion realizada con exito
2023-11-28T18:08:02.984Z info: Received a GET request for /api/favoritos/90
2023-11-28T18:08:02.988Z info: Received a GET request for /api/usuarios/90
2023-11-28T18:08:02.991Z info: Received a GET request for /api/favoritos/90
2023-11-28T18:08:02.996Z info: Received a GET request for /api/carrito/90
2023-11-28T18:08:03.021Z info: Received a GET request for /api/reviews
2023-11-28T18:08:03.155Z info: Received a GET request for /api/favoritos/90
2023-11-28T18:08:04.524Z info: Received a GET request for /api/usuarios/90
2023-11-28T18:08:04.527Z info: Received a GET request for /api/favoritos/90
2023-11-28T18:08:04.544Z info: Received a GET request for /api/carrito/90
2023-11-28T18:08:04.617Z info: Operacion realizada con exito
2023-11-28T18:08:04.620Z info: Received a GET request for /api/reviews
2023-11-28T18:08:04.896Z info: Operacion realizada con exito
2023-11-28T18:08:14.223Z info: Received a GET request for /api/favoritos/90
2023-11-28T18:08:14.224Z info: Received a GET request for /api/usuarios/90
2023-11-28T18:08:14.226Z info: Received a GET request for /api/favoritos/90
2023-11-28T18:08:14.227Z info: Received a GET request for /api/carrito/90
2023-11-28T18:08:14.233Z info: Received a GET request for /api/reviews
2023-11-28T18:08:14.236Z info: Received a GET request for /api/favoritos/90
2023-11-28T18:08:14.417Z info: Received a GET request for /api/usuarios/90
2023-11-28T18:08:14.419Z info: Received a GET request for /api/favoritos/90
2023-11-28T18:08:14.424Z info: Operacion realizada con exito
2023-11-28T18:08:14.434Z info: Received a GET request for /api/carrito/90
2023-11-28T18:08:14.437Z info: Received a GET request for /api/reviews
2023-11-28T18:08:14.630Z info: Operacion realizada con exito
2023-11-28T18:08:14.891Z info: Received a GET request for /api/favoritos/90
2023-11-28T18:08:14.901Z info: Received a GET request for /api/usuarios/90
2023-11-28T18:08:14.909Z info: Received a GET request for /api/favoritos/90
2023-11-28T18:08:14.911Z info: Received a GET request for /api/carrito/90
2023-11-28T18:08:14.914Z info: Received a GET request for /api/reviews
2023-11-28T18:08:14.929Z info: Received a GET request for /api/favoritos/90
2023-11-28T18:08:15.082Z info: Received a GET request for /api/usuarios/90
2023-11-28T18:08:15.098Z info: Received a GET request for /api/favoritos/90
2023-11-28T18:08:15.113Z info: Operacion realizada con exito
2023-11-28T18:08:15.122Z info: Received a GET request for /api/carrito/90
2023-11-28T18:08:15.124Z info: Received a GET request for /api/reviews
2023-11-28T18:08:15.314Z info: Operacion realizada con exito
2023-11-28T18:08:38.485Z info: Received a GET request for /api/favoritos/90
2023-11-28T18:08:38.487Z info: Received a GET request for /api/usuarios/90
2023-11-28T18:08:38.489Z info: Received a GET request for /api/favoritos/90
2023-11-28T18:08:38.491Z info: Received a GET request for /api/carrito/90
2023-11-28T18:08:38.497Z info: Received a GET request for /api/reviews
2023-11-28T18:08:38.503Z info: Received a GET request for /api/favoritos/90
2023-11-28T18:08:40.081Z info: Received a GET request for /api/usuarios/90
2023-11-28T18:08:40.274Z info: Received a GET request for /api/favoritos/90
2023-11-28T18:08:40.405Z info: Received a GET request for /api/carrito/90
2023-11-28T18:08:40.408Z info: Operacion realizada con exito
2023-11-28T18:08:40.414Z info: Received a GET request for /api/reviews
2023-11-28T18:08:40.416Z info: Received a GET request for /api/favoritos/90
2023-11-28T18:08:40.497Z info: Received a GET request for /api/usuarios/90
2023-11-28T18:08:40.537Z info: Received a GET request for /api/favoritos/90
2023-11-28T18:08:40.592Z info: Received a GET request for /api/carrito/90
2023-11-28T18:08:40.609Z info: Operacion realizada con exito
2023-11-28T18:08:40.616Z info: Received a GET request for /api/reviews
2023-11-28T18:08:40.619Z info: Received a GET request for /api/favoritos/90
2023-11-28T18:08:40.686Z info: Received a GET request for /api/usuarios/90
2023-11-28T18:08:40.727Z info: Received a GET request for /api/favoritos/90
2023-11-28T18:08:40.779Z info: Received a GET request for /api/carrito/90
2023-11-28T18:08:40.797Z info: Operacion realizada con exito
2023-11-28T18:08:40.801Z info: Received a GET request for /api/reviews
2023-11-28T18:08:40.983Z info: Operacion realizada con exito
2023-11-28T18:08:56.761Z info: Received a GET request for /api/usuarios/90
2023-11-28T18:08:56.766Z info: Received a GET request for /api/favoritos/90
2023-11-28T18:08:56.845Z info: Received a GET request for /api/carrito/90
2023-11-28T18:08:57.129Z info: Received a GET request for /api/usuarios/90
2023-11-28T18:08:57.136Z info: Received a GET request for /api/favoritos/90
2023-11-28T18:08:57.138Z info: Received a GET request for /api/carrito/90
2023-11-28T18:08:59.055Z info: Operacion realizada con exito
2023-11-28T18:08:59.067Z info: Operacion realizada con exito
2023-11-28T18:09:20.373Z info: Received a GET request for /api/usuarios/null
2023-11-28T18:09:20.408Z info: Received a GET request for /api/reviews
2023-11-28T18:09:20.501Z info: Received a GET request for /api/usuarios/null
2023-11-28T18:09:20.504Z info: Received a GET request for /api/reviews
2023-11-28T18:09:21.865Z error: invalid input syntax for type integer: "null"
2023-11-28T18:09:22.044Z error: invalid input syntax for type integer: "null"
2023-11-28T18:09:48.411Z info: Received a GET request for /api/usuarios/null
2023-11-28T18:09:48.734Z info: Received a GET request for /api/usuarios/null
2023-11-28T18:09:50.062Z error: invalid input syntax for type integer: "null"
2023-11-28T18:09:50.258Z error: invalid input syntax for type integer: "null"
2023-11-28T18:09:52.161Z info: Received a GET request for /api/usuarios/null
2023-11-28T18:09:52.173Z info: Received a GET request for /api/reviews
2023-11-28T18:09:52.279Z info: Received a GET request for /api/usuarios/null
2023-11-28T18:09:52.285Z info: Received a GET request for /api/reviews
2023-11-28T18:09:52.371Z error: invalid input syntax for type integer: "null"
2023-11-28T18:09:52.575Z error: invalid input syntax for type integer: "null"
2023-11-28T18:15:51.922Z info: Received a GET request for /api/usuarios/null
2023-11-28T18:15:51.934Z info: Received a GET request for /api/categorias
2023-11-28T18:15:51.935Z info: Received a GET request for /api/filtros/search?nombre=&categoriaId=&precioMin=&precioMax=&page=1
2023-11-28T18:15:51.939Z info: Received a GET request for /api/usuarios/null
2023-11-28T18:15:51.940Z info: Received a GET request for /api/categorias
2023-11-28T18:15:51.942Z info: Received a GET request for /api/filtros/search?nombre=&categoriaId=&precioMin=&precioMax=&page=1
2023-11-28T18:15:53.463Z info: Operacion realizada con exito
2023-11-28T18:15:53.465Z error: invalid input syntax for type integer: "null"
2023-11-28T18:15:53.501Z info: Operacion realizada con exito
2023-11-28T18:15:53.506Z error: invalid input syntax for type integer: "null"
2023-11-28T18:15:55.060Z info: Received a GET request for /api/usuarios/null
2023-11-28T18:15:55.062Z info: Received a GET request for /api/reviews
2023-11-28T18:15:55.076Z info: Received a GET request for /api/usuarios/null
2023-11-28T18:15:55.080Z info: Received a GET request for /api/reviews
2023-11-28T18:15:55.257Z error: invalid input syntax for type integer: "null"
2023-11-28T18:15:55.280Z error: invalid input syntax for type integer: "null"
2023-11-28T18:15:55.872Z info: Received a GET request for /api/usuarios/null
2023-11-28T18:15:55.878Z info: Received a GET request for /api/categorias
2023-11-28T18:15:55.882Z info: Received a GET request for /api/filtros/search?nombre=&categoriaId=&precioMin=&precioMax=&page=1
2023-11-28T18:15:55.884Z info: Received a GET request for /api/usuarios/null
2023-11-28T18:15:55.887Z info: Received a GET request for /api/categorias
2023-11-28T18:15:55.890Z info: Received a GET request for /api/filtros/search?nombre=&categoriaId=&precioMin=&precioMax=&page=1
2023-11-28T18:15:56.075Z info: Operacion realizada con exito
2023-11-28T18:15:56.079Z info: Operacion realizada con exito
2023-11-28T18:15:56.085Z error: invalid input syntax for type integer: "null"
2023-11-28T18:15:56.087Z error: invalid input syntax for type integer: "null"
2023-11-28T18:15:57.379Z info: Received a GET request for /api/usuarios/null
2023-11-28T18:15:57.385Z info: Received a GET request for /api/reviews
2023-11-28T18:15:57.395Z info: Received a GET request for /api/usuarios/null
2023-11-28T18:15:57.397Z info: Received a GET request for /api/reviews
2023-11-28T18:15:57.580Z error: invalid input syntax for type integer: "null"
2023-11-28T18:15:57.596Z error: invalid input syntax for type integer: "null"
